{"numFailedTestSuites":5,"numFailedTests":5,"numPassedTestSuites":15,"numPassedTests":175,"numPendingTestSuites":0,"numPendingTests":0,"numRuntimeErrorTestSuites":0,"numTodoTests":0,"numTotalTestSuites":20,"numTotalTests":180,"openHandles":[],"snapshot":{"added":0,"didUpdate":false,"failure":false,"filesAdded":0,"filesRemoved":0,"filesRemovedList":[],"filesUnmatched":0,"filesUpdated":0,"matched":0,"total":0,"unchecked":0,"uncheckedKeysByFile":[],"unmatched":0,"updated":0},"startTime":1771155881751,"success":false,"testResults":[{"assertionResults":[{"ancestorTitles":["RedisService"],"duration":40,"failing":false,"failureDetails":[],"failureMessages":[],"fullName":"RedisService should be defined","invocations":1,"location":null,"numPassingAsserts":1,"retryReasons":[],"startAt":1771155886064,"status":"passed","title":"should be defined"},{"ancestorTitles":["RedisService","get"],"duration":9,"failing":false,"failureDetails":[],"failureMessages":[],"fullName":"RedisService get should return parsed value when key exists","invocations":1,"location":null,"numPassingAsserts":2,"retryReasons":[],"startAt":1771155886105,"status":"passed","title":"should return parsed value when key exists"},{"ancestorTitles":["RedisService","get"],"duration":8,"failing":false,"failureDetails":[],"failureMessages":[],"fullName":"RedisService get should return null when key does not exist","invocations":1,"location":null,"numPassingAsserts":1,"retryReasons":[],"startAt":1771155886114,"status":"passed","title":"should return null when key does not exist"},{"ancestorTitles":["RedisService","set"],"duration":5,"failing":false,"failureDetails":[],"failureMessages":[],"fullName":"RedisService set should set value with TTL","invocations":1,"location":null,"numPassingAsserts":1,"retryReasons":[],"startAt":1771155886122,"status":"passed","title":"should set value with TTL"},{"ancestorTitles":["RedisService","del"],"duration":12,"failing":false,"failureDetails":[],"failureMessages":[],"fullName":"RedisService del should delete key","invocations":1,"location":null,"numPassingAsserts":1,"retryReasons":[],"startAt":1771155886128,"status":"passed","title":"should delete key"},{"ancestorTitles":["RedisService","exists"],"duration":5,"failing":false,"failureDetails":[],"failureMessages":[],"fullName":"RedisService exists should return true when key exists","invocations":1,"location":null,"numPassingAsserts":1,"retryReasons":[],"startAt":1771155886140,"status":"passed","title":"should return true when key exists"},{"ancestorTitles":["RedisService","exists"],"duration":4,"failing":false,"failureDetails":[],"failureMessages":[],"fullName":"RedisService exists should return false when key does not exist","invocations":1,"location":null,"numPassingAsserts":1,"retryReasons":[],"startAt":1771155886145,"status":"passed","title":"should return false when key does not exist"},{"ancestorTitles":["RedisService","ttl"],"duration":4,"failing":false,"failureDetails":[],"failureMessages":[],"fullName":"RedisService ttl should return TTL for key","invocations":1,"location":null,"numPassingAsserts":2,"retryReasons":[],"startAt":1771155886150,"status":"passed","title":"should return TTL for key"}],"endTime":1771155886157,"message":"","name":"C:\\Users\\Rifki Izzulhaq\\Documents\\Belajar\\Web\\JS\\Latihan\\Turborepo\\siperada-fullstack\\apps\\api\\src\\database\\redis\\redis.service.spec.ts","startTime":1771155883118,"status":"passed","summary":""},{"assertionResults":[{"ancestorTitles":["SecurityService","checkAccountLockout"],"duration":44,"failing":false,"failureDetails":[],"failureMessages":[],"fullName":"SecurityService checkAccountLockout should not throw when account is not locked and attempts < 5","invocations":1,"location":null,"numPassingAsserts":3,"retryReasons":[],"startAt":1771155886080,"status":"passed","title":"should not throw when account is not locked and attempts < 5"},{"ancestorTitles":["SecurityService","checkAccountLockout"],"duration":45,"failing":false,"failureDetails":[],"failureMessages":[],"fullName":"SecurityService checkAccountLockout should throw UnauthorizedException when account is already locked","invocations":1,"location":null,"numPassingAsserts":4,"retryReasons":[],"startAt":1771155886125,"status":"passed","title":"should throw UnauthorizedException when account is already locked"},{"ancestorTitles":["SecurityService","checkAccountLockout"],"duration":14,"failing":false,"failureDetails":[],"failureMessages":[],"fullName":"SecurityService checkAccountLockout should lock account on 5th failed attempt with 5 minute lockout (first lockout)","invocations":1,"location":null,"numPassingAsserts":6,"retryReasons":[],"startAt":1771155886170,"status":"passed","title":"should lock account on 5th failed attempt with 5 minute lockout (first lockout)"},{"ancestorTitles":["SecurityService","checkAccountLockout"],"duration":7,"failing":false,"failureDetails":[],"failureMessages":[],"fullName":"SecurityService checkAccountLockout should increase lockout duration progressively (2nd lockout = 10 minutes)","invocations":1,"location":null,"numPassingAsserts":3,"retryReasons":[],"startAt":1771155886184,"status":"passed","title":"should increase lockout duration progressively (2nd lockout = 10 minutes)"},{"ancestorTitles":["SecurityService","checkAccountLockout"],"duration":8,"failing":false,"failureDetails":[],"failureMessages":[],"fullName":"SecurityService checkAccountLockout should cap lockout duration at 30 minutes (max)","invocations":1,"location":null,"numPassingAsserts":2,"retryReasons":[],"startAt":1771155886191,"status":"passed","title":"should cap lockout duration at 30 minutes (max)"},{"ancestorTitles":["SecurityService","checkAccountLockout"],"duration":5,"failing":false,"failureDetails":[],"failureMessages":[],"fullName":"SecurityService checkAccountLockout should handle 4 failed attempts without locking","invocations":1,"location":null,"numPassingAsserts":2,"retryReasons":[],"startAt":1771155886199,"status":"passed","title":"should handle 4 failed attempts without locking"},{"ancestorTitles":["SecurityService","incrementFailedAttempts"],"duration":5,"failing":false,"failureDetails":[],"failureMessages":[],"fullName":"SecurityService incrementFailedAttempts should set failed attempts to 1 when no previous attempts exist","invocations":1,"location":null,"numPassingAsserts":2,"retryReasons":[],"startAt":1771155886205,"status":"passed","title":"should set failed attempts to 1 when no previous attempts exist"},{"ancestorTitles":["SecurityService","incrementFailedAttempts"],"duration":7,"failing":false,"failureDetails":[],"failureMessages":[],"fullName":"SecurityService incrementFailedAttempts should increment existing failed attempts count","invocations":1,"location":null,"numPassingAsserts":1,"retryReasons":[],"startAt":1771155886211,"status":"passed","title":"should increment existing failed attempts count"},{"ancestorTitles":["SecurityService","incrementFailedAttempts"],"duration":8,"failing":false,"failureDetails":[],"failureMessages":[],"fullName":"SecurityService incrementFailedAttempts should increment from 4 to 5 attempts","invocations":1,"location":null,"numPassingAsserts":1,"retryReasons":[],"startAt":1771155886219,"status":"passed","title":"should increment from 4 to 5 attempts"},{"ancestorTitles":["SecurityService","incrementFailedAttempts"],"duration":18,"failing":false,"failureDetails":[],"failureMessages":[],"fullName":"SecurityService incrementFailedAttempts should handle email with special characters","invocations":1,"location":null,"numPassingAsserts":2,"retryReasons":[],"startAt":1771155886228,"status":"passed","title":"should handle email with special characters"},{"ancestorTitles":["SecurityService","resetFailedAttempts"],"duration":7,"failing":false,"failureDetails":[],"failureMessages":[],"fullName":"SecurityService resetFailedAttempts should delete failed attempts after successful login","invocations":1,"location":null,"numPassingAsserts":1,"retryReasons":[],"startAt":1771155886249,"status":"passed","title":"should delete failed attempts after successful login"},{"ancestorTitles":["SecurityService","resetFailedAttempts"],"duration":6,"failing":false,"failureDetails":[],"failureMessages":[],"fullName":"SecurityService resetFailedAttempts should work with any email format","invocations":1,"location":null,"numPassingAsserts":1,"retryReasons":[],"startAt":1771155886256,"status":"passed","title":"should work with any email format"},{"ancestorTitles":["SecurityService","resetFailedAttempts"],"duration":4,"failing":false,"failureDetails":[],"failureMessages":[],"fullName":"SecurityService resetFailedAttempts should handle Indonesian email domains","invocations":1,"location":null,"numPassingAsserts":1,"retryReasons":[],"startAt":1771155886262,"status":"passed","title":"should handle Indonesian email domains"},{"ancestorTitles":["SecurityService","getRemainingLockTime"],"duration":4,"failing":false,"failureDetails":[],"failureMessages":[],"fullName":"SecurityService getRemainingLockTime should return remaining seconds when account is locked","invocations":1,"location":null,"numPassingAsserts":2,"retryReasons":[],"startAt":1771155886266,"status":"passed","title":"should return remaining seconds when account is locked"},{"ancestorTitles":["SecurityService","getRemainingLockTime"],"duration":3,"failing":false,"failureDetails":[],"failureMessages":[],"fullName":"SecurityService getRemainingLockTime should return 0 when ttl is negative (key expired or does not exist)","invocations":1,"location":null,"numPassingAsserts":1,"retryReasons":[],"startAt":1771155886270,"status":"passed","title":"should return 0 when ttl is negative (key expired or does not exist)"},{"ancestorTitles":["SecurityService","getRemainingLockTime"],"duration":3,"failing":false,"failureDetails":[],"failureMessages":[],"fullName":"SecurityService getRemainingLockTime should return 0 when ttl is 0","invocations":1,"location":null,"numPassingAsserts":1,"retryReasons":[],"startAt":1771155886274,"status":"passed","title":"should return 0 when ttl is 0"},{"ancestorTitles":["SecurityService","integration: complete login failure flow"],"duration":5,"failing":false,"failureDetails":[],"failureMessages":[],"fullName":"SecurityService integration: complete login failure flow should track failed attempts and lock account after 5 failures","invocations":1,"location":null,"numPassingAsserts":5,"retryReasons":[],"startAt":1771155886278,"status":"passed","title":"should track failed attempts and lock account after 5 failures"},{"ancestorTitles":["SecurityService","integration: complete login failure flow"],"duration":3,"failing":false,"failureDetails":[],"failureMessages":[],"fullName":"SecurityService integration: complete login failure flow should allow login after successful authentication (reset)","invocations":1,"location":null,"numPassingAsserts":2,"retryReasons":[],"startAt":1771155886283,"status":"passed","title":"should allow login after successful authentication (reset)"},{"ancestorTitles":["SecurityService","edge cases and error handling"],"duration":7,"failing":false,"failureDetails":[],"failureMessages":[],"fullName":"SecurityService edge cases and error handling should handle Redis get errors","invocations":1,"location":null,"numPassingAsserts":1,"retryReasons":[],"startAt":1771155886286,"status":"passed","title":"should handle Redis get errors"},{"ancestorTitles":["SecurityService","edge cases and error handling"],"duration":4,"failing":false,"failureDetails":[],"failureMessages":[],"fullName":"SecurityService edge cases and error handling should handle Redis set errors","invocations":1,"location":null,"numPassingAsserts":1,"retryReasons":[],"startAt":1771155886293,"status":"passed","title":"should handle Redis set errors"},{"ancestorTitles":["SecurityService","edge cases and error handling"],"duration":8,"failing":false,"failureDetails":[],"failureMessages":[],"fullName":"SecurityService edge cases and error handling should handle Redis del errors","invocations":1,"location":null,"numPassingAsserts":1,"retryReasons":[],"startAt":1771155886297,"status":"passed","title":"should handle Redis del errors"},{"ancestorTitles":["SecurityService","edge cases and error handling"],"duration":19,"failing":false,"failureDetails":[],"failureMessages":[],"fullName":"SecurityService edge cases and error handling should handle empty email","invocations":1,"location":null,"numPassingAsserts":2,"retryReasons":[],"startAt":1771155886305,"status":"passed","title":"should handle empty email"},{"ancestorTitles":["SecurityService","edge cases and error handling"],"duration":4,"failing":false,"failureDetails":[],"failureMessages":[],"fullName":"SecurityService edge cases and error handling should handle very long email addresses","invocations":1,"location":null,"numPassingAsserts":2,"retryReasons":[],"startAt":1771155886324,"status":"passed","title":"should handle very long email addresses"},{"ancestorTitles":["SecurityService","edge cases and error handling"],"duration":3,"failing":false,"failureDetails":[],"failureMessages":[],"fullName":"SecurityService edge cases and error handling should format error message with remaining time correctly","invocations":1,"location":null,"numPassingAsserts":3,"retryReasons":[],"startAt":1771155886329,"status":"passed","title":"should format error message with remaining time correctly"}],"endTime":1771155886335,"message":"","name":"C:\\Users\\Rifki Izzulhaq\\Documents\\Belajar\\Web\\JS\\Latihan\\Turborepo\\siperada-fullstack\\apps\\api\\src\\modules\\auth\\services\\security\\security.service.spec.ts","startTime":1771155883110,"status":"passed","summary":""},{"assertionResults":[{"ancestorTitles":["UsulanKegiatanService"],"duration":30,"failing":false,"failureDetails":[{"type":"UsulanKegiatanService","context":{"index":0,"dependencies":["UsulanKegiatanRepository",null,null],"name":"UsulanKegiatanRepository"},"metadata":{"id":"0861049134cbcb6646ef0"},"moduleRef":{"id":"deb94d6c6b0861049134c"}}],"failureMessages":["Error: Nest can't resolve dependencies of the UsulanKegiatanService (?, SatuanService, KomponenProgramService). Please make sure that the argument \"UsulanKegiatanRepository\" at index [0] is available in the RootTestModule context.\n\nPotential solutions:\n- Is RootTestModule a valid NestJS module?\n- If \"UsulanKegiatanRepository\" is a provider, is it part of the current RootTestModule?\n- If \"UsulanKegiatanRepository\" is exported from a separate @Module, is that module imported within RootTestModule?\n  @Module({\n    imports: [ /* the Module containing \"UsulanKegiatanRepository\" */ ]\n  })\n\nFor more common dependency resolution issues, see: https://docs.nestjs.com/faq/common-errors\n    at TestingInjector.lookupComponentInParentModules (C:\\Users\\Rifki Izzulhaq\\Documents\\Belajar\\Web\\JS\\Latihan\\Turborepo\\siperada-fullstack\\node_modules\\.pnpm\\@nestjs+core@11.1.13_@nestj_4eb51b33436697b7489bc341bd7dd41e\\node_modules\\@nestjs\\core\\injector\\injector.js:290:19)\n    at processTicksAndRejections (node:internal/process/task_queues:105:5)\n    at TestingInjector.resolveComponentWrapper (C:\\Users\\Rifki Izzulhaq\\Documents\\Belajar\\Web\\JS\\Latihan\\Turborepo\\siperada-fullstack\\node_modules\\.pnpm\\@nestjs+testing@11.1.13_@ne_6d0b98b1b7d5ad01a9a38fe512624941\\node_modules\\@nestjs\\testing\\testing-injector.js:19:45)\n    at resolveParam (C:\\Users\\Rifki Izzulhaq\\Documents\\Belajar\\Web\\JS\\Latihan\\Turborepo\\siperada-fullstack\\node_modules\\.pnpm\\@nestjs+core@11.1.13_@nestj_4eb51b33436697b7489bc341bd7dd41e\\node_modules\\@nestjs\\core\\injector\\injector.js:140:38)\n    at async Promise.all (index 0)\n    at TestingInjector.resolveConstructorParams (C:\\Users\\Rifki Izzulhaq\\Documents\\Belajar\\Web\\JS\\Latihan\\Turborepo\\siperada-fullstack\\node_modules\\.pnpm\\@nestjs+core@11.1.13_@nestj_4eb51b33436697b7489bc341bd7dd41e\\node_modules\\@nestjs\\core\\injector\\injector.js:169:27)\n    at TestingInjector.loadInstance (C:\\Users\\Rifki Izzulhaq\\Documents\\Belajar\\Web\\JS\\Latihan\\Turborepo\\siperada-fullstack\\node_modules\\.pnpm\\@nestjs+core@11.1.13_@nestj_4eb51b33436697b7489bc341bd7dd41e\\node_modules\\@nestjs\\core\\injector\\injector.js:75:13)\n    at TestingInjector.loadProvider (C:\\Users\\Rifki Izzulhaq\\Documents\\Belajar\\Web\\JS\\Latihan\\Turborepo\\siperada-fullstack\\node_modules\\.pnpm\\@nestjs+core@11.1.13_@nestj_4eb51b33436697b7489bc341bd7dd41e\\node_modules\\@nestjs\\core\\injector\\injector.js:103:9)\n    at C:\\Users\\Rifki Izzulhaq\\Documents\\Belajar\\Web\\JS\\Latihan\\Turborepo\\siperada-fullstack\\node_modules\\.pnpm\\@nestjs+core@11.1.13_@nestj_4eb51b33436697b7489bc341bd7dd41e\\node_modules\\@nestjs\\core\\injector\\instance-loader.js:56:13\n    at async Promise.all (index 3)\n    at TestingInstanceLoader.createInstancesOfProviders (C:\\Users\\Rifki Izzulhaq\\Documents\\Belajar\\Web\\JS\\Latihan\\Turborepo\\siperada-fullstack\\node_modules\\.pnpm\\@nestjs+core@11.1.13_@nestj_4eb51b33436697b7489bc341bd7dd41e\\node_modules\\@nestjs\\core\\injector\\instance-loader.js:55:9)\n    at C:\\Users\\Rifki Izzulhaq\\Documents\\Belajar\\Web\\JS\\Latihan\\Turborepo\\siperada-fullstack\\node_modules\\.pnpm\\@nestjs+core@11.1.13_@nestj_4eb51b33436697b7489bc341bd7dd41e\\node_modules\\@nestjs\\core\\injector\\instance-loader.js:40:13\n    at async Promise.all (index 1)\n    at TestingInstanceLoader.createInstances (C:\\Users\\Rifki Izzulhaq\\Documents\\Belajar\\Web\\JS\\Latihan\\Turborepo\\siperada-fullstack\\node_modules\\.pnpm\\@nestjs+core@11.1.13_@nestj_4eb51b33436697b7489bc341bd7dd41e\\node_modules\\@nestjs\\core\\injector\\instance-loader.js:39:9)\n    at TestingInstanceLoader.createInstancesOfDependencies (C:\\Users\\Rifki Izzulhaq\\Documents\\Belajar\\Web\\JS\\Latihan\\Turborepo\\siperada-fullstack\\node_modules\\.pnpm\\@nestjs+core@11.1.13_@nestj_4eb51b33436697b7489bc341bd7dd41e\\node_modules\\@nestjs\\core\\injector\\instance-loader.js:22:13)\n    at TestingInstanceLoader.createInstancesOfDependencies (C:\\Users\\Rifki Izzulhaq\\Documents\\Belajar\\Web\\JS\\Latihan\\Turborepo\\siperada-fullstack\\node_modules\\.pnpm\\@nestjs+testing@11.1.13_@ne_6d0b98b1b7d5ad01a9a38fe512624941\\node_modules\\@nestjs\\testing\\testing-instance-loader.js:9:9)\n    at TestingModuleBuilder.createInstancesOfDependencies (C:\\Users\\Rifki Izzulhaq\\Documents\\Belajar\\Web\\JS\\Latihan\\Turborepo\\siperada-fullstack\\node_modules\\.pnpm\\@nestjs+testing@11.1.13_@ne_6d0b98b1b7d5ad01a9a38fe512624941\\node_modules\\@nestjs\\testing\\testing-module.builder.js:118:9)\n    at TestingModuleBuilder.compile (C:\\Users\\Rifki Izzulhaq\\Documents\\Belajar\\Web\\JS\\Latihan\\Turborepo\\siperada-fullstack\\node_modules\\.pnpm\\@nestjs+testing@11.1.13_@ne_6d0b98b1b7d5ad01a9a38fe512624941\\node_modules\\@nestjs\\testing\\testing-module.builder.js:74:9)\n    at Object.<anonymous> (C:\\Users\\Rifki Izzulhaq\\Documents\\Belajar\\Web\\JS\\Latihan\\Turborepo\\siperada-fullstack\\apps\\api\\src\\modules\\usulan_kegiatan\\usulan_kegiatan.service.spec.ts:8:35)"],"fullName":"UsulanKegiatanService should be defined","invocations":1,"location":null,"numPassingAsserts":0,"retryReasons":[],"startAt":1771155887378,"status":"failed","title":"should be defined"}],"endTime":1771155887462,"message":"\u001b[1m\u001b[31m  \u001b[1m● \u001b[22m\u001b[1mUsulanKegiatanService › should be defined\u001b[39m\u001b[22m\n\n    Nest can't resolve dependencies of the UsulanKegiatanService (?, SatuanService, KomponenProgramService). Please make sure that the argument \"UsulanKegiatanRepository\" at index [0] is available in the RootTestModule context.\n\n    Potential solutions:\n    - Is RootTestModule a valid NestJS module?\n    - If \"UsulanKegiatanRepository\" is a provider, is it part of the current RootTestModule?\n    - If \"UsulanKegiatanRepository\" is exported from a separate @Module, is that module imported within RootTestModule?\n      @Module({\n        imports: [ /* the Module containing \"UsulanKegiatanRepository\" */ ]\n      })\n\n    For more common dependency resolution issues, see: https://docs.nestjs.com/faq/common-errors\n\u001b[2m\u001b[22m\n\u001b[2m    \u001b[0m \u001b[90m  6 |\u001b[39m\u001b[22m\n\u001b[2m     \u001b[90m  7 |\u001b[39m   beforeEach(\u001b[36masync\u001b[39m () \u001b[33m=>\u001b[39m {\u001b[22m\n\u001b[2m    \u001b[31m\u001b[1m>\u001b[22m\u001b[2m\u001b[39m\u001b[90m  8 |\u001b[39m     \u001b[36mconst\u001b[39m module\u001b[33m:\u001b[39m \u001b[33mTestingModule\u001b[39m \u001b[33m=\u001b[39m \u001b[36mawait\u001b[39m \u001b[33mTest\u001b[39m\u001b[33m.\u001b[39mcreateTestingModule({\u001b[22m\n\u001b[2m     \u001b[90m    |\u001b[39m                                   \u001b[31m\u001b[1m^\u001b[22m\u001b[2m\u001b[39m\u001b[22m\n\u001b[2m     \u001b[90m  9 |\u001b[39m       providers\u001b[33m:\u001b[39m [\u001b[33mUsulanKegiatanService\u001b[39m]\u001b[33m,\u001b[39m\u001b[22m\n\u001b[2m     \u001b[90m 10 |\u001b[39m     })\u001b[33m.\u001b[39mcompile()\u001b[33m;\u001b[39m\u001b[22m\n\u001b[2m     \u001b[90m 11 |\u001b[39m\u001b[0m\u001b[22m\n\u001b[2m\u001b[22m\n\u001b[2m      \u001b[2mat TestingInjector.lookupComponentInParentModules (\u001b[22m\u001b[2m../../../node_modules/.pnpm/@nestjs+core@11.1.13_@nestj_4eb51b33436697b7489bc341bd7dd41e/node_modules/@nestjs/core/injector/injector.js\u001b[2m:290:19)\u001b[22m\u001b[2m\u001b[22m\n\u001b[2m      \u001b[2mat TestingInjector.resolveComponentWrapper (\u001b[22m\u001b[2m../../../node_modules/.pnpm/@nestjs+testing@11.1.13_@ne_6d0b98b1b7d5ad01a9a38fe512624941/node_modules/@nestjs/testing/testing-injector.js\u001b[2m:19:45)\u001b[22m\u001b[2m\u001b[22m\n\u001b[2m      \u001b[2mat resolveParam (\u001b[22m\u001b[2m../../../node_modules/.pnpm/@nestjs+core@11.1.13_@nestj_4eb51b33436697b7489bc341bd7dd41e/node_modules/@nestjs/core/injector/injector.js\u001b[2m:140:38)\u001b[22m\u001b[2m\u001b[22m\n\u001b[2m          at async Promise.all (index 0)\u001b[22m\n\u001b[2m      \u001b[2mat TestingInjector.resolveConstructorParams (\u001b[22m\u001b[2m../../../node_modules/.pnpm/@nestjs+core@11.1.13_@nestj_4eb51b33436697b7489bc341bd7dd41e/node_modules/@nestjs/core/injector/injector.js\u001b[2m:169:27)\u001b[22m\u001b[2m\u001b[22m\n\u001b[2m      \u001b[2mat TestingInjector.loadInstance (\u001b[22m\u001b[2m../../../node_modules/.pnpm/@nestjs+core@11.1.13_@nestj_4eb51b33436697b7489bc341bd7dd41e/node_modules/@nestjs/core/injector/injector.js\u001b[2m:75:13)\u001b[22m\u001b[2m\u001b[22m\n\u001b[2m      \u001b[2mat TestingInjector.loadProvider (\u001b[22m\u001b[2m../../../node_modules/.pnpm/@nestjs+core@11.1.13_@nestj_4eb51b33436697b7489bc341bd7dd41e/node_modules/@nestjs/core/injector/injector.js\u001b[2m:103:9)\u001b[22m\u001b[2m\u001b[22m\n\u001b[2m      \u001b[2mat \u001b[22m\u001b[2m../../../node_modules/.pnpm/@nestjs+core@11.1.13_@nestj_4eb51b33436697b7489bc341bd7dd41e/node_modules/@nestjs/core/injector/instance-loader.js\u001b[2m:56:13\u001b[22m\u001b[2m\u001b[22m\n\u001b[2m          at async Promise.all (index 3)\u001b[22m\n\u001b[2m      \u001b[2mat TestingInstanceLoader.createInstancesOfProviders (\u001b[22m\u001b[2m../../../node_modules/.pnpm/@nestjs+core@11.1.13_@nestj_4eb51b33436697b7489bc341bd7dd41e/node_modules/@nestjs/core/injector/instance-loader.js\u001b[2m:55:9)\u001b[22m\u001b[2m\u001b[22m\n\u001b[2m      \u001b[2mat \u001b[22m\u001b[2m../../../node_modules/.pnpm/@nestjs+core@11.1.13_@nestj_4eb51b33436697b7489bc341bd7dd41e/node_modules/@nestjs/core/injector/instance-loader.js\u001b[2m:40:13\u001b[22m\u001b[2m\u001b[22m\n\u001b[2m          at async Promise.all (index 1)\u001b[22m\n\u001b[2m      \u001b[2mat TestingInstanceLoader.createInstances (\u001b[22m\u001b[2m../../../node_modules/.pnpm/@nestjs+core@11.1.13_@nestj_4eb51b33436697b7489bc341bd7dd41e/node_modules/@nestjs/core/injector/instance-loader.js\u001b[2m:39:9)\u001b[22m\u001b[2m\u001b[22m\n\u001b[2m      \u001b[2mat TestingInstanceLoader.createInstancesOfDependencies (\u001b[22m\u001b[2m../../../node_modules/.pnpm/@nestjs+core@11.1.13_@nestj_4eb51b33436697b7489bc341bd7dd41e/node_modules/@nestjs/core/injector/instance-loader.js\u001b[2m:22:13)\u001b[22m\u001b[2m\u001b[22m\n\u001b[2m      \u001b[2mat TestingInstanceLoader.createInstancesOfDependencies (\u001b[22m\u001b[2m../../../node_modules/.pnpm/@nestjs+testing@11.1.13_@ne_6d0b98b1b7d5ad01a9a38fe512624941/node_modules/@nestjs/testing/testing-instance-loader.js\u001b[2m:9:9)\u001b[22m\u001b[2m\u001b[22m\n\u001b[2m      \u001b[2mat TestingModuleBuilder.createInstancesOfDependencies (\u001b[22m\u001b[2m../../../node_modules/.pnpm/@nestjs+testing@11.1.13_@ne_6d0b98b1b7d5ad01a9a38fe512624941/node_modules/@nestjs/testing/testing-module.builder.js\u001b[2m:118:9)\u001b[22m\u001b[2m\u001b[22m\n\u001b[2m      \u001b[2mat TestingModuleBuilder.compile (\u001b[22m\u001b[2m../../../node_modules/.pnpm/@nestjs+testing@11.1.13_@ne_6d0b98b1b7d5ad01a9a38fe512624941/node_modules/@nestjs/testing/testing-module.builder.js\u001b[2m:74:9)\u001b[22m\u001b[2m\u001b[22m\n\u001b[2m      \u001b[2mat Object.<anonymous> (\u001b[22m\u001b[2m\u001b[0m\u001b[36mmodules/usulan_kegiatan/usulan_kegiatan.service.spec.ts\u001b[39m\u001b[0m\u001b[2m:8:35)\u001b[22m\u001b[2m\u001b[22m\n","name":"C:\\Users\\Rifki Izzulhaq\\Documents\\Belajar\\Web\\JS\\Latihan\\Turborepo\\siperada-fullstack\\apps\\api\\src\\modules\\usulan_kegiatan\\usulan_kegiatan.service.spec.ts","startTime":1771155883076,"status":"failed","summary":""},{"assertionResults":[{"ancestorTitles":["JudulKegiatanService"],"duration":51,"failing":false,"failureDetails":[{"type":"JudulKegiatanService","context":{"index":0,"dependencies":["JudulKegiatanRepository",null,null,null],"name":"JudulKegiatanRepository"},"metadata":{"id":"25ae522e510a1c4c10149"},"moduleRef":{"id":"db4c9d717925ae522e510"}}],"failureMessages":["Error: Nest can't resolve dependencies of the JudulKegiatanService (?, UsulanKegiatanService, AkunDetailService, SatuanService). Please make sure that the argument \"JudulKegiatanRepository\" at index [0] is available in the RootTestModule context.\n\nPotential solutions:\n- Is RootTestModule a valid NestJS module?\n- If \"JudulKegiatanRepository\" is a provider, is it part of the current RootTestModule?\n- If \"JudulKegiatanRepository\" is exported from a separate @Module, is that module imported within RootTestModule?\n  @Module({\n    imports: [ /* the Module containing \"JudulKegiatanRepository\" */ ]\n  })\n\nFor more common dependency resolution issues, see: https://docs.nestjs.com/faq/common-errors\n    at TestingInjector.lookupComponentInParentModules (C:\\Users\\Rifki Izzulhaq\\Documents\\Belajar\\Web\\JS\\Latihan\\Turborepo\\siperada-fullstack\\node_modules\\.pnpm\\@nestjs+core@11.1.13_@nestj_4eb51b33436697b7489bc341bd7dd41e\\node_modules\\@nestjs\\core\\injector\\injector.js:290:19)\n    at processTicksAndRejections (node:internal/process/task_queues:105:5)\n    at TestingInjector.resolveComponentWrapper (C:\\Users\\Rifki Izzulhaq\\Documents\\Belajar\\Web\\JS\\Latihan\\Turborepo\\siperada-fullstack\\node_modules\\.pnpm\\@nestjs+testing@11.1.13_@ne_6d0b98b1b7d5ad01a9a38fe512624941\\node_modules\\@nestjs\\testing\\testing-injector.js:19:45)\n    at resolveParam (C:\\Users\\Rifki Izzulhaq\\Documents\\Belajar\\Web\\JS\\Latihan\\Turborepo\\siperada-fullstack\\node_modules\\.pnpm\\@nestjs+core@11.1.13_@nestj_4eb51b33436697b7489bc341bd7dd41e\\node_modules\\@nestjs\\core\\injector\\injector.js:140:38)\n    at async Promise.all (index 0)\n    at TestingInjector.resolveConstructorParams (C:\\Users\\Rifki Izzulhaq\\Documents\\Belajar\\Web\\JS\\Latihan\\Turborepo\\siperada-fullstack\\node_modules\\.pnpm\\@nestjs+core@11.1.13_@nestj_4eb51b33436697b7489bc341bd7dd41e\\node_modules\\@nestjs\\core\\injector\\injector.js:169:27)\n    at TestingInjector.loadInstance (C:\\Users\\Rifki Izzulhaq\\Documents\\Belajar\\Web\\JS\\Latihan\\Turborepo\\siperada-fullstack\\node_modules\\.pnpm\\@nestjs+core@11.1.13_@nestj_4eb51b33436697b7489bc341bd7dd41e\\node_modules\\@nestjs\\core\\injector\\injector.js:75:13)\n    at TestingInjector.loadProvider (C:\\Users\\Rifki Izzulhaq\\Documents\\Belajar\\Web\\JS\\Latihan\\Turborepo\\siperada-fullstack\\node_modules\\.pnpm\\@nestjs+core@11.1.13_@nestj_4eb51b33436697b7489bc341bd7dd41e\\node_modules\\@nestjs\\core\\injector\\injector.js:103:9)\n    at C:\\Users\\Rifki Izzulhaq\\Documents\\Belajar\\Web\\JS\\Latihan\\Turborepo\\siperada-fullstack\\node_modules\\.pnpm\\@nestjs+core@11.1.13_@nestj_4eb51b33436697b7489bc341bd7dd41e\\node_modules\\@nestjs\\core\\injector\\instance-loader.js:56:13\n    at async Promise.all (index 3)\n    at TestingInstanceLoader.createInstancesOfProviders (C:\\Users\\Rifki Izzulhaq\\Documents\\Belajar\\Web\\JS\\Latihan\\Turborepo\\siperada-fullstack\\node_modules\\.pnpm\\@nestjs+core@11.1.13_@nestj_4eb51b33436697b7489bc341bd7dd41e\\node_modules\\@nestjs\\core\\injector\\instance-loader.js:55:9)\n    at C:\\Users\\Rifki Izzulhaq\\Documents\\Belajar\\Web\\JS\\Latihan\\Turborepo\\siperada-fullstack\\node_modules\\.pnpm\\@nestjs+core@11.1.13_@nestj_4eb51b33436697b7489bc341bd7dd41e\\node_modules\\@nestjs\\core\\injector\\instance-loader.js:40:13\n    at async Promise.all (index 1)\n    at TestingInstanceLoader.createInstances (C:\\Users\\Rifki Izzulhaq\\Documents\\Belajar\\Web\\JS\\Latihan\\Turborepo\\siperada-fullstack\\node_modules\\.pnpm\\@nestjs+core@11.1.13_@nestj_4eb51b33436697b7489bc341bd7dd41e\\node_modules\\@nestjs\\core\\injector\\instance-loader.js:39:9)\n    at TestingInstanceLoader.createInstancesOfDependencies (C:\\Users\\Rifki Izzulhaq\\Documents\\Belajar\\Web\\JS\\Latihan\\Turborepo\\siperada-fullstack\\node_modules\\.pnpm\\@nestjs+core@11.1.13_@nestj_4eb51b33436697b7489bc341bd7dd41e\\node_modules\\@nestjs\\core\\injector\\instance-loader.js:22:13)\n    at TestingInstanceLoader.createInstancesOfDependencies (C:\\Users\\Rifki Izzulhaq\\Documents\\Belajar\\Web\\JS\\Latihan\\Turborepo\\siperada-fullstack\\node_modules\\.pnpm\\@nestjs+testing@11.1.13_@ne_6d0b98b1b7d5ad01a9a38fe512624941\\node_modules\\@nestjs\\testing\\testing-instance-loader.js:9:9)\n    at TestingModuleBuilder.createInstancesOfDependencies (C:\\Users\\Rifki Izzulhaq\\Documents\\Belajar\\Web\\JS\\Latihan\\Turborepo\\siperada-fullstack\\node_modules\\.pnpm\\@nestjs+testing@11.1.13_@ne_6d0b98b1b7d5ad01a9a38fe512624941\\node_modules\\@nestjs\\testing\\testing-module.builder.js:118:9)\n    at TestingModuleBuilder.compile (C:\\Users\\Rifki Izzulhaq\\Documents\\Belajar\\Web\\JS\\Latihan\\Turborepo\\siperada-fullstack\\node_modules\\.pnpm\\@nestjs+testing@11.1.13_@ne_6d0b98b1b7d5ad01a9a38fe512624941\\node_modules\\@nestjs\\testing\\testing-module.builder.js:74:9)\n    at Object.<anonymous> (C:\\Users\\Rifki Izzulhaq\\Documents\\Belajar\\Web\\JS\\Latihan\\Turborepo\\siperada-fullstack\\apps\\api\\src\\modules\\judul_kegiatan\\judul_kegiatan.service.spec.ts:8:35)"],"fullName":"JudulKegiatanService should be defined","invocations":1,"location":null,"numPassingAsserts":0,"retryReasons":[],"startAt":1771155887491,"status":"failed","title":"should be defined"}],"endTime":1771155887598,"message":"\u001b[1m\u001b[31m  \u001b[1m● \u001b[22m\u001b[1mJudulKegiatanService › should be defined\u001b[39m\u001b[22m\n\n    Nest can't resolve dependencies of the JudulKegiatanService (?, UsulanKegiatanService, AkunDetailService, SatuanService). Please make sure that the argument \"JudulKegiatanRepository\" at index [0] is available in the RootTestModule context.\n\n    Potential solutions:\n    - Is RootTestModule a valid NestJS module?\n    - If \"JudulKegiatanRepository\" is a provider, is it part of the current RootTestModule?\n    - If \"JudulKegiatanRepository\" is exported from a separate @Module, is that module imported within RootTestModule?\n      @Module({\n        imports: [ /* the Module containing \"JudulKegiatanRepository\" */ ]\n      })\n\n    For more common dependency resolution issues, see: https://docs.nestjs.com/faq/common-errors\n\u001b[2m\u001b[22m\n\u001b[2m    \u001b[0m \u001b[90m  6 |\u001b[39m\u001b[22m\n\u001b[2m     \u001b[90m  7 |\u001b[39m   beforeEach(\u001b[36masync\u001b[39m () \u001b[33m=>\u001b[39m {\u001b[22m\n\u001b[2m    \u001b[31m\u001b[1m>\u001b[22m\u001b[2m\u001b[39m\u001b[90m  8 |\u001b[39m     \u001b[36mconst\u001b[39m module\u001b[33m:\u001b[39m \u001b[33mTestingModule\u001b[39m \u001b[33m=\u001b[39m \u001b[36mawait\u001b[39m \u001b[33mTest\u001b[39m\u001b[33m.\u001b[39mcreateTestingModule({\u001b[22m\n\u001b[2m     \u001b[90m    |\u001b[39m                                   \u001b[31m\u001b[1m^\u001b[22m\u001b[2m\u001b[39m\u001b[22m\n\u001b[2m     \u001b[90m  9 |\u001b[39m       providers\u001b[33m:\u001b[39m [\u001b[33mJudulKegiatanService\u001b[39m]\u001b[33m,\u001b[39m\u001b[22m\n\u001b[2m     \u001b[90m 10 |\u001b[39m     })\u001b[33m.\u001b[39mcompile()\u001b[33m;\u001b[39m\u001b[22m\n\u001b[2m     \u001b[90m 11 |\u001b[39m\u001b[0m\u001b[22m\n\u001b[2m\u001b[22m\n\u001b[2m      \u001b[2mat TestingInjector.lookupComponentInParentModules (\u001b[22m\u001b[2m../../../node_modules/.pnpm/@nestjs+core@11.1.13_@nestj_4eb51b33436697b7489bc341bd7dd41e/node_modules/@nestjs/core/injector/injector.js\u001b[2m:290:19)\u001b[22m\u001b[2m\u001b[22m\n\u001b[2m      \u001b[2mat TestingInjector.resolveComponentWrapper (\u001b[22m\u001b[2m../../../node_modules/.pnpm/@nestjs+testing@11.1.13_@ne_6d0b98b1b7d5ad01a9a38fe512624941/node_modules/@nestjs/testing/testing-injector.js\u001b[2m:19:45)\u001b[22m\u001b[2m\u001b[22m\n\u001b[2m      \u001b[2mat resolveParam (\u001b[22m\u001b[2m../../../node_modules/.pnpm/@nestjs+core@11.1.13_@nestj_4eb51b33436697b7489bc341bd7dd41e/node_modules/@nestjs/core/injector/injector.js\u001b[2m:140:38)\u001b[22m\u001b[2m\u001b[22m\n\u001b[2m          at async Promise.all (index 0)\u001b[22m\n\u001b[2m      \u001b[2mat TestingInjector.resolveConstructorParams (\u001b[22m\u001b[2m../../../node_modules/.pnpm/@nestjs+core@11.1.13_@nestj_4eb51b33436697b7489bc341bd7dd41e/node_modules/@nestjs/core/injector/injector.js\u001b[2m:169:27)\u001b[22m\u001b[2m\u001b[22m\n\u001b[2m      \u001b[2mat TestingInjector.loadInstance (\u001b[22m\u001b[2m../../../node_modules/.pnpm/@nestjs+core@11.1.13_@nestj_4eb51b33436697b7489bc341bd7dd41e/node_modules/@nestjs/core/injector/injector.js\u001b[2m:75:13)\u001b[22m\u001b[2m\u001b[22m\n\u001b[2m      \u001b[2mat TestingInjector.loadProvider (\u001b[22m\u001b[2m../../../node_modules/.pnpm/@nestjs+core@11.1.13_@nestj_4eb51b33436697b7489bc341bd7dd41e/node_modules/@nestjs/core/injector/injector.js\u001b[2m:103:9)\u001b[22m\u001b[2m\u001b[22m\n\u001b[2m      \u001b[2mat \u001b[22m\u001b[2m../../../node_modules/.pnpm/@nestjs+core@11.1.13_@nestj_4eb51b33436697b7489bc341bd7dd41e/node_modules/@nestjs/core/injector/instance-loader.js\u001b[2m:56:13\u001b[22m\u001b[2m\u001b[22m\n\u001b[2m          at async Promise.all (index 3)\u001b[22m\n\u001b[2m      \u001b[2mat TestingInstanceLoader.createInstancesOfProviders (\u001b[22m\u001b[2m../../../node_modules/.pnpm/@nestjs+core@11.1.13_@nestj_4eb51b33436697b7489bc341bd7dd41e/node_modules/@nestjs/core/injector/instance-loader.js\u001b[2m:55:9)\u001b[22m\u001b[2m\u001b[22m\n\u001b[2m      \u001b[2mat \u001b[22m\u001b[2m../../../node_modules/.pnpm/@nestjs+core@11.1.13_@nestj_4eb51b33436697b7489bc341bd7dd41e/node_modules/@nestjs/core/injector/instance-loader.js\u001b[2m:40:13\u001b[22m\u001b[2m\u001b[22m\n\u001b[2m          at async Promise.all (index 1)\u001b[22m\n\u001b[2m      \u001b[2mat TestingInstanceLoader.createInstances (\u001b[22m\u001b[2m../../../node_modules/.pnpm/@nestjs+core@11.1.13_@nestj_4eb51b33436697b7489bc341bd7dd41e/node_modules/@nestjs/core/injector/instance-loader.js\u001b[2m:39:9)\u001b[22m\u001b[2m\u001b[22m\n\u001b[2m      \u001b[2mat TestingInstanceLoader.createInstancesOfDependencies (\u001b[22m\u001b[2m../../../node_modules/.pnpm/@nestjs+core@11.1.13_@nestj_4eb51b33436697b7489bc341bd7dd41e/node_modules/@nestjs/core/injector/instance-loader.js\u001b[2m:22:13)\u001b[22m\u001b[2m\u001b[22m\n\u001b[2m      \u001b[2mat TestingInstanceLoader.createInstancesOfDependencies (\u001b[22m\u001b[2m../../../node_modules/.pnpm/@nestjs+testing@11.1.13_@ne_6d0b98b1b7d5ad01a9a38fe512624941/node_modules/@nestjs/testing/testing-instance-loader.js\u001b[2m:9:9)\u001b[22m\u001b[2m\u001b[22m\n\u001b[2m      \u001b[2mat TestingModuleBuilder.createInstancesOfDependencies (\u001b[22m\u001b[2m../../../node_modules/.pnpm/@nestjs+testing@11.1.13_@ne_6d0b98b1b7d5ad01a9a38fe512624941/node_modules/@nestjs/testing/testing-module.builder.js\u001b[2m:118:9)\u001b[22m\u001b[2m\u001b[22m\n\u001b[2m      \u001b[2mat TestingModuleBuilder.compile (\u001b[22m\u001b[2m../../../node_modules/.pnpm/@nestjs+testing@11.1.13_@ne_6d0b98b1b7d5ad01a9a38fe512624941/node_modules/@nestjs/testing/testing-module.builder.js\u001b[2m:74:9)\u001b[22m\u001b[2m\u001b[22m\n\u001b[2m      \u001b[2mat Object.<anonymous> (\u001b[22m\u001b[2m\u001b[0m\u001b[36mmodules/judul_kegiatan/judul_kegiatan.service.spec.ts\u001b[39m\u001b[0m\u001b[2m:8:35)\u001b[22m\u001b[2m\u001b[22m\n","name":"C:\\Users\\Rifki Izzulhaq\\Documents\\Belajar\\Web\\JS\\Latihan\\Turborepo\\siperada-fullstack\\apps\\api\\src\\modules\\judul_kegiatan\\judul_kegiatan.service.spec.ts","startTime":1771155883021,"status":"failed","summary":""},{"assertionResults":[{"ancestorTitles":["SatuanService"],"duration":46,"failing":false,"failureDetails":[],"failureMessages":[],"fullName":"SatuanService should be defined","invocations":1,"location":null,"numPassingAsserts":1,"retryReasons":[],"startAt":1771155887364,"status":"passed","title":"should be defined"},{"ancestorTitles":["SatuanService","findAllSatuan"],"duration":26,"failing":false,"failureDetails":[],"failureMessages":[],"fullName":"SatuanService findAllSatuan should return an array of satuan","invocations":1,"location":null,"numPassingAsserts":2,"retryReasons":[],"startAt":1771155887412,"status":"passed","title":"should return an array of satuan"},{"ancestorTitles":["SatuanService","findSatuanById"],"duration":10,"failing":false,"failureDetails":[],"failureMessages":[],"fullName":"SatuanService findSatuanById should return a satuan when found","invocations":1,"location":null,"numPassingAsserts":2,"retryReasons":[],"startAt":1771155887438,"status":"passed","title":"should return a satuan when found"},{"ancestorTitles":["SatuanService","findSatuanById"],"duration":51,"failing":false,"failureDetails":[],"failureMessages":[],"fullName":"SatuanService findSatuanById should throw NotFoundException when satuan not found","invocations":1,"location":null,"numPassingAsserts":2,"retryReasons":[],"startAt":1771155887449,"status":"passed","title":"should throw NotFoundException when satuan not found"},{"ancestorTitles":["SatuanService","create"],"duration":10,"failing":false,"failureDetails":[],"failureMessages":[],"fullName":"SatuanService create should create and return a new satuan","invocations":1,"location":null,"numPassingAsserts":3,"retryReasons":[],"startAt":1771155887503,"status":"passed","title":"should create and return a new satuan"},{"ancestorTitles":["SatuanService","update"],"duration":10,"failing":false,"failureDetails":[],"failureMessages":[],"fullName":"SatuanService update should update and return the satuan","invocations":1,"location":null,"numPassingAsserts":3,"retryReasons":[],"startAt":1771155887516,"status":"passed","title":"should update and return the satuan"},{"ancestorTitles":["SatuanService","update"],"duration":8,"failing":false,"failureDetails":[],"failureMessages":[],"fullName":"SatuanService update should throw NotFoundException when updating non-existent satuan","invocations":1,"location":null,"numPassingAsserts":1,"retryReasons":[],"startAt":1771155887531,"status":"passed","title":"should throw NotFoundException when updating non-existent satuan"},{"ancestorTitles":["SatuanService","delete"],"duration":6,"failing":false,"failureDetails":[],"failureMessages":[],"fullName":"SatuanService delete should delete and return the satuan","invocations":1,"location":null,"numPassingAsserts":3,"retryReasons":[],"startAt":1771155887539,"status":"passed","title":"should delete and return the satuan"},{"ancestorTitles":["SatuanService","delete"],"duration":34,"failing":false,"failureDetails":[],"failureMessages":[],"fullName":"SatuanService delete should throw NotFoundException when deleting non-existent satuan","invocations":1,"location":null,"numPassingAsserts":1,"retryReasons":[],"startAt":1771155887545,"status":"passed","title":"should throw NotFoundException when deleting non-existent satuan"},{"ancestorTitles":["SatuanService","searchByParams"],"duration":6,"failing":false,"failureDetails":[],"failureMessages":[],"fullName":"SatuanService searchByParams should return paginated search results","invocations":1,"location":null,"numPassingAsserts":5,"retryReasons":[],"startAt":1771155887580,"status":"passed","title":"should return paginated search results"},{"ancestorTitles":["SatuanService","searchByParams"],"duration":10,"failing":false,"failureDetails":[],"failureMessages":[],"fullName":"SatuanService searchByParams should use default values when query params not provided","invocations":1,"location":null,"numPassingAsserts":2,"retryReasons":[],"startAt":1771155887586,"status":"passed","title":"should use default values when query params not provided"}],"endTime":1771155887623,"message":"","name":"C:\\Users\\Rifki Izzulhaq\\Documents\\Belajar\\Web\\JS\\Latihan\\Turborepo\\siperada-fullstack\\apps\\api\\src\\modules\\satuan\\satuan.service.spec.ts","startTime":1771155883105,"status":"passed","summary":""},{"assertionResults":[{"ancestorTitles":["KomponenProgramService"],"duration":42,"failing":false,"failureDetails":[],"failureMessages":[],"fullName":"KomponenProgramService should be defined","invocations":1,"location":null,"numPassingAsserts":1,"retryReasons":[],"startAt":1771155887382,"status":"passed","title":"should be defined"},{"ancestorTitles":["KomponenProgramService","findAllKomponenProgram"],"duration":15,"failing":false,"failureDetails":[],"failureMessages":[],"fullName":"KomponenProgramService findAllKomponenProgram should return an array of komponen program with kategori relation","invocations":1,"location":null,"numPassingAsserts":2,"retryReasons":[],"startAt":1771155887425,"status":"passed","title":"should return an array of komponen program with kategori relation"},{"ancestorTitles":["KomponenProgramService","findKomponenProgramById"],"duration":36,"failing":false,"failureDetails":[],"failureMessages":[],"fullName":"KomponenProgramService findKomponenProgramById should return a komponen program when found","invocations":1,"location":null,"numPassingAsserts":2,"retryReasons":[],"startAt":1771155887440,"status":"passed","title":"should return a komponen program when found"},{"ancestorTitles":["KomponenProgramService","findKomponenProgramById"],"duration":27,"failing":false,"failureDetails":[],"failureMessages":[],"fullName":"KomponenProgramService findKomponenProgramById should throw NotFoundException when not found","invocations":1,"location":null,"numPassingAsserts":2,"retryReasons":[],"startAt":1771155887476,"status":"passed","title":"should throw NotFoundException when not found"},{"ancestorTitles":["KomponenProgramService","create"],"duration":9,"failing":false,"failureDetails":[],"failureMessages":[],"fullName":"KomponenProgramService create should create and return a new komponen program","invocations":1,"location":null,"numPassingAsserts":4,"retryReasons":[],"startAt":1771155887504,"status":"passed","title":"should create and return a new komponen program"},{"ancestorTitles":["KomponenProgramService","create"],"duration":9,"failing":false,"failureDetails":[],"failureMessages":[],"fullName":"KomponenProgramService create should throw NotFoundException when kategori not found","invocations":1,"location":null,"numPassingAsserts":1,"retryReasons":[],"startAt":1771155887513,"status":"passed","title":"should throw NotFoundException when kategori not found"},{"ancestorTitles":["KomponenProgramService","update"],"duration":9,"failing":false,"failureDetails":[{"response":{"message":"Kategori tidak ditemukan","error":"Not Found","statusCode":404},"status":404,"options":{},"message":"Kategori tidak ditemukan","name":"NotFoundException"}],"failureMessages":["NotFoundException: Kategori tidak ditemukan\n    at Object.<anonymous> (C:\\Users\\Rifki Izzulhaq\\Documents\\Belajar\\Web\\JS\\Latihan\\Turborepo\\siperada-fullstack\\apps\\api\\src\\modules\\komponen_program\\komponen_program.service.spec.ts:163:9)\n    at Promise.finally.completed (C:\\Users\\Rifki Izzulhaq\\Documents\\Belajar\\Web\\JS\\Latihan\\Turborepo\\siperada-fullstack\\node_modules\\.pnpm\\jest-circus@30.2.0\\node_modules\\jest-circus\\build\\jestAdapterInit.js:1557:28)\n    at new Promise (<anonymous>)\n    at callAsyncCircusFn (C:\\Users\\Rifki Izzulhaq\\Documents\\Belajar\\Web\\JS\\Latihan\\Turborepo\\siperada-fullstack\\node_modules\\.pnpm\\jest-circus@30.2.0\\node_modules\\jest-circus\\build\\jestAdapterInit.js:1497:10)\n    at _callCircusTest (C:\\Users\\Rifki Izzulhaq\\Documents\\Belajar\\Web\\JS\\Latihan\\Turborepo\\siperada-fullstack\\node_modules\\.pnpm\\jest-circus@30.2.0\\node_modules\\jest-circus\\build\\jestAdapterInit.js:1007:40)\n    at processTicksAndRejections (node:internal/process/task_queues:105:5)\n    at _runTest (C:\\Users\\Rifki Izzulhaq\\Documents\\Belajar\\Web\\JS\\Latihan\\Turborepo\\siperada-fullstack\\node_modules\\.pnpm\\jest-circus@30.2.0\\node_modules\\jest-circus\\build\\jestAdapterInit.js:947:3)\n    at C:\\Users\\Rifki Izzulhaq\\Documents\\Belajar\\Web\\JS\\Latihan\\Turborepo\\siperada-fullstack\\node_modules\\.pnpm\\jest-circus@30.2.0\\node_modules\\jest-circus\\build\\jestAdapterInit.js:849:7\n    at _runTestsForDescribeBlock (C:\\Users\\Rifki Izzulhaq\\Documents\\Belajar\\Web\\JS\\Latihan\\Turborepo\\siperada-fullstack\\node_modules\\.pnpm\\jest-circus@30.2.0\\node_modules\\jest-circus\\build\\jestAdapterInit.js:862:11)\n    at _runTestsForDescribeBlock (C:\\Users\\Rifki Izzulhaq\\Documents\\Belajar\\Web\\JS\\Latihan\\Turborepo\\siperada-fullstack\\node_modules\\.pnpm\\jest-circus@30.2.0\\node_modules\\jest-circus\\build\\jestAdapterInit.js:857:11)\n    at _runTestsForDescribeBlock (C:\\Users\\Rifki Izzulhaq\\Documents\\Belajar\\Web\\JS\\Latihan\\Turborepo\\siperada-fullstack\\node_modules\\.pnpm\\jest-circus@30.2.0\\node_modules\\jest-circus\\build\\jestAdapterInit.js:857:11)\n    at run (C:\\Users\\Rifki Izzulhaq\\Documents\\Belajar\\Web\\JS\\Latihan\\Turborepo\\siperada-fullstack\\node_modules\\.pnpm\\jest-circus@30.2.0\\node_modules\\jest-circus\\build\\jestAdapterInit.js:761:3)\n    at runAndTransformResultsToJestFormat (C:\\Users\\Rifki Izzulhaq\\Documents\\Belajar\\Web\\JS\\Latihan\\Turborepo\\siperada-fullstack\\node_modules\\.pnpm\\jest-circus@30.2.0\\node_modules\\jest-circus\\build\\jestAdapterInit.js:1918:21)\n    at jestAdapter (C:\\Users\\Rifki Izzulhaq\\Documents\\Belajar\\Web\\JS\\Latihan\\Turborepo\\siperada-fullstack\\node_modules\\.pnpm\\jest-circus@30.2.0\\node_modules\\jest-circus\\build\\runner.js:101:19)\n    at runTestInternal (C:\\Users\\Rifki Izzulhaq\\Documents\\Belajar\\Web\\JS\\Latihan\\Turborepo\\siperada-fullstack\\node_modules\\.pnpm\\jest-runner@30.2.0\\node_modules\\jest-runner\\build\\testWorker.js:275:16)\n    at runTest (C:\\Users\\Rifki Izzulhaq\\Documents\\Belajar\\Web\\JS\\Latihan\\Turborepo\\siperada-fullstack\\node_modules\\.pnpm\\jest-runner@30.2.0\\node_modules\\jest-runner\\build\\testWorker.js:343:7)\n    at Object.worker (C:\\Users\\Rifki Izzulhaq\\Documents\\Belajar\\Web\\JS\\Latihan\\Turborepo\\siperada-fullstack\\node_modules\\.pnpm\\jest-runner@30.2.0\\node_modules\\jest-runner\\build\\testWorker.js:497:12)"],"fullName":"KomponenProgramService update should update and return the komponen program","invocations":1,"location":null,"numPassingAsserts":0,"retryReasons":[],"startAt":1771155887522,"status":"failed","title":"should update and return the komponen program"},{"ancestorTitles":["KomponenProgramService","update"],"duration":5,"failing":false,"failureDetails":[],"failureMessages":[],"fullName":"KomponenProgramService update should throw NotFoundException when updating non-existent komponen program","invocations":1,"location":null,"numPassingAsserts":1,"retryReasons":[],"startAt":1771155887534,"status":"passed","title":"should throw NotFoundException when updating non-existent komponen program"},{"ancestorTitles":["KomponenProgramService","delete"],"duration":18,"failing":false,"failureDetails":[],"failureMessages":[],"fullName":"KomponenProgramService delete should delete and return the komponen program","invocations":1,"location":null,"numPassingAsserts":2,"retryReasons":[],"startAt":1771155887540,"status":"passed","title":"should delete and return the komponen program"},{"ancestorTitles":["KomponenProgramService","delete"],"duration":27,"failing":false,"failureDetails":[],"failureMessages":[],"fullName":"KomponenProgramService delete should throw NotFoundException when deleting non-existent komponen program","invocations":1,"location":null,"numPassingAsserts":1,"retryReasons":[],"startAt":1771155887559,"status":"passed","title":"should throw NotFoundException when deleting non-existent komponen program"},{"ancestorTitles":["KomponenProgramService","searchByParams"],"duration":11,"failing":false,"failureDetails":[],"failureMessages":[],"fullName":"KomponenProgramService searchByParams should return paginated search results with kategori relation","invocations":1,"location":null,"numPassingAsserts":6,"retryReasons":[],"startAt":1771155887586,"status":"passed","title":"should return paginated search results with kategori relation"},{"ancestorTitles":["KomponenProgramService","searchByParams"],"duration":5,"failing":false,"failureDetails":[],"failureMessages":[],"fullName":"KomponenProgramService searchByParams should use default values when query params not provided","invocations":1,"location":null,"numPassingAsserts":2,"retryReasons":[],"startAt":1771155887597,"status":"passed","title":"should use default values when query params not provided"}],"endTime":1771155887669,"message":"\u001b[1m\u001b[31m  \u001b[1m● \u001b[22m\u001b[1mKomponenProgramService › update › should update and return the komponen program\u001b[39m\u001b[22m\n\n    NotFoundException: Kategori tidak ditemukan\n\u001b[2m\u001b[22m\n\u001b[2m    \u001b[0m \u001b[90m 161 |\u001b[39m\u001b[22m\n\u001b[2m     \u001b[90m 162 |\u001b[39m       mockKategoriService\u001b[33m.\u001b[39mfindKategoriById\u001b[33m.\u001b[39mmockRejectedValue(\u001b[22m\n\u001b[2m    \u001b[31m\u001b[1m>\u001b[22m\u001b[2m\u001b[39m\u001b[90m 163 |\u001b[39m         \u001b[36mnew\u001b[39m \u001b[33mNotFoundException\u001b[39m(\u001b[32m'Kategori tidak ditemukan'\u001b[39m)\u001b[33m,\u001b[39m\u001b[22m\n\u001b[2m     \u001b[90m     |\u001b[39m         \u001b[31m\u001b[1m^\u001b[22m\u001b[2m\u001b[39m\u001b[22m\n\u001b[2m     \u001b[90m 164 |\u001b[39m       )\u001b[33m;\u001b[39m\u001b[22m\n\u001b[2m     \u001b[90m 165 |\u001b[39m\u001b[22m\n\u001b[2m     \u001b[90m 166 |\u001b[39m       \u001b[36mawait\u001b[39m expect(service\u001b[33m.\u001b[39mcreate(createData))\u001b[33m.\u001b[39mrejects\u001b[33m.\u001b[39mtoThrow(\u001b[0m\u001b[22m\n\u001b[2m\u001b[22m\n\u001b[2m      \u001b[2mat Object.<anonymous> (\u001b[22m\u001b[2m\u001b[0m\u001b[36mmodules/komponen_program/komponen_program.service.spec.ts\u001b[39m\u001b[0m\u001b[2m:163:9)\u001b[22m\u001b[2m\u001b[22m\n","name":"C:\\Users\\Rifki Izzulhaq\\Documents\\Belajar\\Web\\JS\\Latihan\\Turborepo\\siperada-fullstack\\apps\\api\\src\\modules\\komponen_program\\komponen_program.service.spec.ts","startTime":1771155883020,"status":"failed","summary":""},{"assertionResults":[{"ancestorTitles":["UserService","findAllUser"],"duration":46,"failing":false,"failureDetails":[],"failureMessages":[],"fullName":"UserService findAllUser should return all users with relations","invocations":1,"location":null,"numPassingAsserts":2,"retryReasons":[],"startAt":1771155887744,"status":"passed","title":"should return all users with relations"},{"ancestorTitles":["UserService","findUserById"],"duration":12,"failing":false,"failureDetails":[],"failureMessages":[],"fullName":"UserService findUserById should return user when found","invocations":1,"location":null,"numPassingAsserts":2,"retryReasons":[],"startAt":1771155887791,"status":"passed","title":"should return user when found"},{"ancestorTitles":["UserService","findUserById"],"duration":68,"failing":false,"failureDetails":[],"failureMessages":[],"fullName":"UserService findUserById should throw NotFoundException when user not found","invocations":1,"location":null,"numPassingAsserts":1,"retryReasons":[],"startAt":1771155887804,"status":"passed","title":"should throw NotFoundException when user not found"},{"ancestorTitles":["UserService","getAllRoles"],"duration":8,"failing":false,"failureDetails":[],"failureMessages":[],"fullName":"UserService getAllRoles should return all roles except superadmin","invocations":1,"location":null,"numPassingAsserts":2,"retryReasons":[],"startAt":1771155887873,"status":"passed","title":"should return all roles except superadmin"},{"ancestorTitles":["UserService","getAllPermission"],"duration":9,"failing":false,"failureDetails":[],"failureMessages":[],"fullName":"UserService getAllPermission should return all permissions","invocations":1,"location":null,"numPassingAsserts":2,"retryReasons":[],"startAt":1771155887882,"status":"passed","title":"should return all permissions"},{"ancestorTitles":["UserService","create"],"duration":7,"failing":false,"failureDetails":[],"failureMessages":[],"fullName":"UserService create should create user with admin profile","invocations":1,"location":null,"numPassingAsserts":3,"retryReasons":[],"startAt":1771155887891,"status":"passed","title":"should create user with admin profile"},{"ancestorTitles":["UserService","create"],"duration":8,"failing":false,"failureDetails":[],"failureMessages":[],"fullName":"UserService create should create user with unit profile","invocations":1,"location":null,"numPassingAsserts":2,"retryReasons":[],"startAt":1771155887898,"status":"passed","title":"should create user with unit profile"},{"ancestorTitles":["UserService","update"],"duration":6,"failing":false,"failureDetails":[],"failureMessages":[],"fullName":"UserService update should update user basic info","invocations":1,"location":null,"numPassingAsserts":2,"retryReasons":[],"startAt":1771155887907,"status":"passed","title":"should update user basic info"},{"ancestorTitles":["UserService","update"],"duration":5,"failing":false,"failureDetails":[],"failureMessages":[],"fullName":"UserService update should create admin profile when role changes to admin","invocations":1,"location":null,"numPassingAsserts":1,"retryReasons":[],"startAt":1771155887913,"status":"passed","title":"should create admin profile when role changes to admin"},{"ancestorTitles":["UserService","update"],"duration":4,"failing":false,"failureDetails":[],"failureMessages":[],"fullName":"UserService update should delete admin profile when role changes from admin","invocations":1,"location":null,"numPassingAsserts":1,"retryReasons":[],"startAt":1771155887919,"status":"passed","title":"should delete admin profile when role changes from admin"},{"ancestorTitles":["UserService","delete"],"duration":4,"failing":false,"failureDetails":[],"failureMessages":[],"fullName":"UserService delete should delete user successfully","invocations":1,"location":null,"numPassingAsserts":2,"retryReasons":[],"startAt":1771155887924,"status":"passed","title":"should delete user successfully"},{"ancestorTitles":["UserService","searchByParams"],"duration":5,"failing":false,"failureDetails":[],"failureMessages":[],"fullName":"UserService searchByParams should search users with pagination","invocations":1,"location":null,"numPassingAsserts":5,"retryReasons":[],"startAt":1771155887928,"status":"passed","title":"should search users with pagination"}],"endTime":1771155887936,"message":"","name":"C:\\Users\\Rifki Izzulhaq\\Documents\\Belajar\\Web\\JS\\Latihan\\Turborepo\\siperada-fullstack\\apps\\api\\src\\modules\\user\\user.service.spec.ts","startTime":1771155883050,"status":"passed","summary":""},{"assertionResults":[{"ancestorTitles":["TokenService","generateAccessToken"],"duration":46,"failing":false,"failureDetails":[],"failureMessages":[],"fullName":"TokenService generateAccessToken should generate access token with correct payload","invocations":1,"location":null,"numPassingAsserts":2,"retryReasons":[],"startAt":1771155888081,"status":"passed","title":"should generate access token with correct payload"},{"ancestorTitles":["TokenService","generateAccessToken"],"duration":8,"failing":false,"failureDetails":[],"failureMessages":[],"fullName":"TokenService generateAccessToken should handle user without permissions","invocations":1,"location":null,"numPassingAsserts":1,"retryReasons":[],"startAt":1771155888128,"status":"passed","title":"should handle user without permissions"},{"ancestorTitles":["TokenService","generateAccessToken"],"duration":11,"failing":false,"failureDetails":[],"failureMessages":[],"fullName":"TokenService generateAccessToken should generate unique jti for each token","invocations":1,"location":null,"numPassingAsserts":2,"retryReasons":[],"startAt":1771155888137,"status":"passed","title":"should generate unique jti for each token"},{"ancestorTitles":["TokenService","createRefreshToken"],"duration":8,"failing":false,"failureDetails":[],"failureMessages":[],"fullName":"TokenService createRefreshToken should create refresh token and store in Redis","invocations":1,"location":null,"numPassingAsserts":2,"retryReasons":[],"startAt":1771155888149,"status":"passed","title":"should create refresh token and store in Redis"},{"ancestorTitles":["TokenService","createRefreshToken"],"duration":8,"failing":false,"failureDetails":[],"failureMessages":[],"fullName":"TokenService createRefreshToken should add token to user tokens list","invocations":1,"location":null,"numPassingAsserts":1,"retryReasons":[],"startAt":1771155888157,"status":"passed","title":"should add token to user tokens list"},{"ancestorTitles":["TokenService","createRefreshToken"],"duration":5,"failing":false,"failureDetails":[],"failureMessages":[],"fullName":"TokenService createRefreshToken should use default expiry if not configured","invocations":1,"location":null,"numPassingAsserts":1,"retryReasons":[],"startAt":1771155888166,"status":"passed","title":"should use default expiry if not configured"},{"ancestorTitles":["TokenService","generateTokens"],"duration":13,"failing":false,"failureDetails":[],"failureMessages":[],"fullName":"TokenService generateTokens should generate both access and refresh tokens","invocations":1,"location":null,"numPassingAsserts":1,"retryReasons":[],"startAt":1771155888171,"status":"passed","title":"should generate both access and refresh tokens"},{"ancestorTitles":["TokenService","blacklistToken"],"duration":5,"failing":false,"failureDetails":[],"failureMessages":[],"fullName":"TokenService blacklistToken should add token to blacklist with correct TTL","invocations":1,"location":null,"numPassingAsserts":1,"retryReasons":[],"startAt":1771155888184,"status":"passed","title":"should add token to blacklist with correct TTL"},{"ancestorTitles":["TokenService","blacklistToken"],"duration":5,"failing":false,"failureDetails":[],"failureMessages":[],"fullName":"TokenService blacklistToken should use default expiry if not configured","invocations":1,"location":null,"numPassingAsserts":1,"retryReasons":[],"startAt":1771155888189,"status":"passed","title":"should use default expiry if not configured"},{"ancestorTitles":["TokenService","isTokenBlacklisted"],"duration":3,"failing":false,"failureDetails":[],"failureMessages":[],"fullName":"TokenService isTokenBlacklisted should return true when token is blacklisted","invocations":1,"location":null,"numPassingAsserts":2,"retryReasons":[],"startAt":1771155888195,"status":"passed","title":"should return true when token is blacklisted"},{"ancestorTitles":["TokenService","isTokenBlacklisted"],"duration":3,"failing":false,"failureDetails":[],"failureMessages":[],"fullName":"TokenService isTokenBlacklisted should return false when token is not blacklisted","invocations":1,"location":null,"numPassingAsserts":1,"retryReasons":[],"startAt":1771155888199,"status":"passed","title":"should return false when token is not blacklisted"},{"ancestorTitles":["TokenService","isTokenBlacklisted"],"duration":3,"failing":false,"failureDetails":[],"failureMessages":[],"fullName":"TokenService isTokenBlacklisted should return false when Redis returns undefined","invocations":1,"location":null,"numPassingAsserts":1,"retryReasons":[],"startAt":1771155888202,"status":"passed","title":"should return false when Redis returns undefined"},{"ancestorTitles":["TokenService","revokeRefreshToken"],"duration":4,"failing":false,"failureDetails":[],"failureMessages":[],"fullName":"TokenService revokeRefreshToken should delete refresh token and remove from user tokens","invocations":1,"location":null,"numPassingAsserts":2,"retryReasons":[],"startAt":1771155888206,"status":"passed","title":"should delete refresh token and remove from user tokens"},{"ancestorTitles":["TokenService","revokeRefreshToken"],"duration":4,"failing":false,"failureDetails":[],"failureMessages":[],"fullName":"TokenService revokeRefreshToken should handle revoking non-existent token","invocations":1,"location":null,"numPassingAsserts":1,"retryReasons":[],"startAt":1771155888210,"status":"passed","title":"should handle revoking non-existent token"},{"ancestorTitles":["TokenService","revokeAllUserTokens"],"duration":5,"failing":false,"failureDetails":[],"failureMessages":[],"fullName":"TokenService revokeAllUserTokens should delete all user tokens from Redis","invocations":1,"location":null,"numPassingAsserts":5,"retryReasons":[],"startAt":1771155888214,"status":"passed","title":"should delete all user tokens from Redis"},{"ancestorTitles":["TokenService","revokeAllUserTokens"],"duration":5,"failing":false,"failureDetails":[],"failureMessages":[],"fullName":"TokenService revokeAllUserTokens should handle user with no tokens","invocations":1,"location":null,"numPassingAsserts":1,"retryReasons":[],"startAt":1771155888220,"status":"passed","title":"should handle user with no tokens"},{"ancestorTitles":["TokenService","refresh"],"duration":5,"failing":false,"failureDetails":[],"failureMessages":[],"fullName":"TokenService refresh should refresh tokens successfully","invocations":1,"location":null,"numPassingAsserts":3,"retryReasons":[],"startAt":1771155888226,"status":"passed","title":"should refresh tokens successfully"},{"ancestorTitles":["TokenService","refresh"],"duration":30,"failing":false,"failureDetails":[],"failureMessages":[],"fullName":"TokenService refresh should throw UnauthorizedException for invalid refresh token","invocations":1,"location":null,"numPassingAsserts":2,"retryReasons":[],"startAt":1771155888231,"status":"passed","title":"should throw UnauthorizedException for invalid refresh token"},{"ancestorTitles":["TokenService","refresh"],"duration":5,"failing":false,"failureDetails":[],"failureMessages":[],"fullName":"TokenService refresh should detect token reuse and revoke all user tokens","invocations":1,"location":null,"numPassingAsserts":4,"retryReasons":[],"startAt":1771155888261,"status":"passed","title":"should detect token reuse and revoke all user tokens"},{"ancestorTitles":["TokenService","refresh"],"duration":6,"failing":false,"failureDetails":[],"failureMessages":[],"fullName":"TokenService refresh should throw NotFoundException when user not found","invocations":1,"location":null,"numPassingAsserts":2,"retryReasons":[],"startAt":1771155888266,"status":"passed","title":"should throw NotFoundException when user not found"},{"ancestorTitles":["TokenService","edge cases"],"duration":7,"failing":false,"failureDetails":[],"failureMessages":[],"fullName":"TokenService edge cases should handle Redis errors in createRefreshToken","invocations":1,"location":null,"numPassingAsserts":1,"retryReasons":[],"startAt":1771155888272,"status":"passed","title":"should handle Redis errors in createRefreshToken"},{"ancestorTitles":["TokenService","edge cases"],"duration":4,"failing":false,"failureDetails":[],"failureMessages":[],"fullName":"TokenService edge cases should handle user without role","invocations":1,"location":null,"numPassingAsserts":1,"retryReasons":[],"startAt":1771155888279,"status":"passed","title":"should handle user without role"},{"ancestorTitles":["TokenService","edge cases"],"duration":4,"failing":false,"failureDetails":[],"failureMessages":[],"fullName":"TokenService edge cases should handle empty permissions array","invocations":1,"location":null,"numPassingAsserts":1,"retryReasons":[],"startAt":1771155888283,"status":"passed","title":"should handle empty permissions array"}],"endTime":1771155888290,"message":"","name":"C:\\Users\\Rifki Izzulhaq\\Documents\\Belajar\\Web\\JS\\Latihan\\Turborepo\\siperada-fullstack\\apps\\api\\src\\modules\\auth\\services\\token\\token.service.spec.ts","startTime":1771155883093,"status":"passed","summary":""},{"assertionResults":[{"ancestorTitles":["AppController","root"],"duration":15,"failing":false,"failureDetails":[],"failureMessages":[],"fullName":"AppController root should return \"Hello World!\"","invocations":1,"location":null,"numPassingAsserts":1,"retryReasons":[],"startAt":1771155888398,"status":"passed","title":"should return \"Hello World!\""}],"endTime":1771155888414,"message":"","name":"C:\\Users\\Rifki Izzulhaq\\Documents\\Belajar\\Web\\JS\\Latihan\\Turborepo\\siperada-fullstack\\apps\\api\\src\\app.controller.spec.ts","startTime":1771155887651,"status":"passed","summary":""},{"assertionResults":[{"ancestorTitles":["AuthService","login"],"duration":50,"failing":false,"failureDetails":[],"failureMessages":[],"fullName":"AuthService login should login successfully with valid credentials","invocations":1,"location":null,"numPassingAsserts":5,"retryReasons":[],"startAt":1771155888269,"status":"passed","title":"should login successfully with valid credentials"},{"ancestorTitles":["AuthService","login"],"duration":41,"failing":false,"failureDetails":[],"failureMessages":[],"fullName":"AuthService login should throw BadRequestException for invalid password","invocations":1,"location":null,"numPassingAsserts":5,"retryReasons":[],"startAt":1771155888320,"status":"passed","title":"should throw BadRequestException for invalid password"},{"ancestorTitles":["AuthService","login"],"duration":16,"failing":false,"failureDetails":[],"failureMessages":[],"fullName":"AuthService login should check account lockout before login","invocations":1,"location":null,"numPassingAsserts":3,"retryReasons":[],"startAt":1771155888361,"status":"passed","title":"should check account lockout before login"},{"ancestorTitles":["AuthService","login"],"duration":6,"failing":false,"failureDetails":[],"failureMessages":[],"fullName":"AuthService login should increment failed attempts on wrong password","invocations":1,"location":null,"numPassingAsserts":2,"retryReasons":[],"startAt":1771155888377,"status":"passed","title":"should increment failed attempts on wrong password"},{"ancestorTitles":["AuthService","login"],"duration":7,"failing":false,"failureDetails":[],"failureMessages":[],"fullName":"AuthService login should handle user not found error","invocations":1,"location":null,"numPassingAsserts":1,"retryReasons":[],"startAt":1771155888384,"status":"passed","title":"should handle user not found error"},{"ancestorTitles":["AuthService","logout"],"duration":6,"failing":false,"failureDetails":[],"failureMessages":[],"fullName":"AuthService logout should logout successfully","invocations":1,"location":null,"numPassingAsserts":2,"retryReasons":[],"startAt":1771155888392,"status":"passed","title":"should logout successfully"},{"ancestorTitles":["AuthService","logout"],"duration":5,"failing":false,"failureDetails":[],"failureMessages":[],"fullName":"AuthService logout should handle logout with any refresh token","invocations":1,"location":null,"numPassingAsserts":1,"retryReasons":[],"startAt":1771155888398,"status":"passed","title":"should handle logout with any refresh token"},{"ancestorTitles":["AuthService","refresh"],"duration":5,"failing":false,"failureDetails":[],"failureMessages":[],"fullName":"AuthService refresh should refresh tokens successfully","invocations":1,"location":null,"numPassingAsserts":2,"retryReasons":[],"startAt":1771155888403,"status":"passed","title":"should refresh tokens successfully"},{"ancestorTitles":["AuthService","refresh"],"duration":8,"failing":false,"failureDetails":[],"failureMessages":[],"fullName":"AuthService refresh should handle invalid refresh token","invocations":1,"location":null,"numPassingAsserts":1,"retryReasons":[],"startAt":1771155888409,"status":"passed","title":"should handle invalid refresh token"},{"ancestorTitles":["AuthService","isTokenBlacklisted"],"duration":7,"failing":false,"failureDetails":[],"failureMessages":[],"fullName":"AuthService isTokenBlacklisted should return true when token is blacklisted","invocations":1,"location":null,"numPassingAsserts":2,"retryReasons":[],"startAt":1771155888417,"status":"passed","title":"should return true when token is blacklisted"},{"ancestorTitles":["AuthService","isTokenBlacklisted"],"duration":5,"failing":false,"failureDetails":[],"failureMessages":[],"fullName":"AuthService isTokenBlacklisted should return false when token is not blacklisted","invocations":1,"location":null,"numPassingAsserts":2,"retryReasons":[],"startAt":1771155888424,"status":"passed","title":"should return false when token is not blacklisted"},{"ancestorTitles":["AuthService","blacklistToken"],"duration":4,"failing":false,"failureDetails":[],"failureMessages":[],"fullName":"AuthService blacklistToken should blacklist token successfully","invocations":1,"location":null,"numPassingAsserts":1,"retryReasons":[],"startAt":1771155888429,"status":"passed","title":"should blacklist token successfully"},{"ancestorTitles":["AuthService","blacklistToken"],"duration":4,"failing":false,"failureDetails":[],"failureMessages":[],"fullName":"AuthService blacklistToken should handle blacklisting errors","invocations":1,"location":null,"numPassingAsserts":1,"retryReasons":[],"startAt":1771155888433,"status":"passed","title":"should handle blacklisting errors"},{"ancestorTitles":["AuthService","integration scenarios"],"duration":6,"failing":false,"failureDetails":[],"failureMessages":[],"fullName":"AuthService integration scenarios should complete full login flow","invocations":1,"location":null,"numPassingAsserts":7,"retryReasons":[],"startAt":1771155888438,"status":"passed","title":"should complete full login flow"},{"ancestorTitles":["AuthService","integration scenarios"],"duration":7,"failing":false,"failureDetails":[],"failureMessages":[],"fullName":"AuthService integration scenarios should handle failed login and increment attempts","invocations":1,"location":null,"numPassingAsserts":3,"retryReasons":[],"startAt":1771155888444,"status":"passed","title":"should handle failed login and increment attempts"}],"endTime":1771155888456,"message":"","name":"C:\\Users\\Rifki Izzulhaq\\Documents\\Belajar\\Web\\JS\\Latihan\\Turborepo\\siperada-fullstack\\apps\\api\\src\\modules\\auth\\auth.service.spec.ts","startTime":1771155883031,"status":"passed","summary":""},{"assertionResults":[{"ancestorTitles":["SatuanController"],"duration":49,"failing":false,"failureDetails":[],"failureMessages":[],"fullName":"SatuanController should be defined","invocations":1,"location":null,"numPassingAsserts":1,"retryReasons":[],"startAt":1771155888427,"status":"passed","title":"should be defined"},{"ancestorTitles":["SatuanController","findAll"],"duration":13,"failing":false,"failureDetails":[],"failureMessages":[],"fullName":"SatuanController findAll should return an array of satuan","invocations":1,"location":null,"numPassingAsserts":2,"retryReasons":[],"startAt":1771155888477,"status":"passed","title":"should return an array of satuan"},{"ancestorTitles":["SatuanController","searchSatuan"],"duration":13,"failing":false,"failureDetails":[],"failureMessages":[],"fullName":"SatuanController searchSatuan should return paginated search results","invocations":1,"location":null,"numPassingAsserts":2,"retryReasons":[],"startAt":1771155888490,"status":"passed","title":"should return paginated search results"},{"ancestorTitles":["SatuanController","createSatuan"],"duration":8,"failing":false,"failureDetails":[],"failureMessages":[],"fullName":"SatuanController createSatuan should create and return a new satuan","invocations":1,"location":null,"numPassingAsserts":2,"retryReasons":[],"startAt":1771155888504,"status":"passed","title":"should create and return a new satuan"},{"ancestorTitles":["SatuanController","updateSatuan"],"duration":9,"failing":false,"failureDetails":[],"failureMessages":[],"fullName":"SatuanController updateSatuan should update and return the satuan","invocations":1,"location":null,"numPassingAsserts":2,"retryReasons":[],"startAt":1771155888512,"status":"passed","title":"should update and return the satuan"},{"ancestorTitles":["SatuanController","deleteSatuan"],"duration":8,"failing":false,"failureDetails":[],"failureMessages":[],"fullName":"SatuanController deleteSatuan should delete and return the satuan","invocations":1,"location":null,"numPassingAsserts":2,"retryReasons":[],"startAt":1771155888522,"status":"passed","title":"should delete and return the satuan"}],"endTime":1771155888534,"message":"","name":"C:\\Users\\Rifki Izzulhaq\\Documents\\Belajar\\Web\\JS\\Latihan\\Turborepo\\siperada-fullstack\\apps\\api\\src\\modules\\satuan\\satuan.controller.spec.ts","startTime":1771155883099,"status":"passed","summary":""},{"assertionResults":[{"ancestorTitles":["KomponenProgramController"],"duration":35,"failing":false,"failureDetails":[],"failureMessages":[],"fullName":"KomponenProgramController should be defined","invocations":1,"location":null,"numPassingAsserts":1,"retryReasons":[],"startAt":1771155888571,"status":"passed","title":"should be defined"},{"ancestorTitles":["KomponenProgramController","findAll"],"duration":11,"failing":false,"failureDetails":[],"failureMessages":[],"fullName":"KomponenProgramController findAll should return all komponen program with kategori","invocations":1,"location":null,"numPassingAsserts":2,"retryReasons":[],"startAt":1771155888607,"status":"passed","title":"should return all komponen program with kategori"},{"ancestorTitles":["KomponenProgramController","searchKomponenProgram"],"duration":8,"failing":false,"failureDetails":[],"failureMessages":[],"fullName":"KomponenProgramController searchKomponenProgram should return paginated search results","invocations":1,"location":null,"numPassingAsserts":2,"retryReasons":[],"startAt":1771155888618,"status":"passed","title":"should return paginated search results"},{"ancestorTitles":["KomponenProgramController","createKomponenProgram"],"duration":6,"failing":false,"failureDetails":[],"failureMessages":[],"fullName":"KomponenProgramController createKomponenProgram should create and return a new komponen program","invocations":1,"location":null,"numPassingAsserts":2,"retryReasons":[],"startAt":1771155888627,"status":"passed","title":"should create and return a new komponen program"},{"ancestorTitles":["KomponenProgramController","updateKomponenProgram"],"duration":7,"failing":false,"failureDetails":[],"failureMessages":[],"fullName":"KomponenProgramController updateKomponenProgram should update and return the komponen program","invocations":1,"location":null,"numPassingAsserts":2,"retryReasons":[],"startAt":1771155888633,"status":"passed","title":"should update and return the komponen program"},{"ancestorTitles":["KomponenProgramController","deleteKomponenProgram"],"duration":6,"failing":false,"failureDetails":[],"failureMessages":[],"fullName":"KomponenProgramController deleteKomponenProgram should delete and return the komponen program","invocations":1,"location":null,"numPassingAsserts":2,"retryReasons":[],"startAt":1771155888641,"status":"passed","title":"should delete and return the komponen program"}],"endTime":1771155888650,"message":"","name":"C:\\Users\\Rifki Izzulhaq\\Documents\\Belajar\\Web\\JS\\Latihan\\Turborepo\\siperada-fullstack\\apps\\api\\src\\modules\\komponen_program\\komponen_program.controller.spec.ts","startTime":1771155883016,"status":"passed","summary":""},{"assertionResults":[{"ancestorTitles":["UsulanKegiatanController"],"duration":32,"failing":false,"failureDetails":[{"type":"UsulanKegiatanController","context":{"index":0,"dependencies":[null]},"metadata":{"id":"a4606be1c78ead047cd44"},"moduleRef":{"id":"70161a0deca4606be1c78"}}],"failureMessages":["Error: Nest can't resolve dependencies of the UsulanKegiatanController (?). Please make sure that the argument UsulanKegiatanService at index [0] is available in the RootTestModule context.\n\nPotential solutions:\n- Is RootTestModule a valid NestJS module?\n- If UsulanKegiatanService is a provider, is it part of the current RootTestModule?\n- If UsulanKegiatanService is exported from a separate @Module, is that module imported within RootTestModule?\n  @Module({\n    imports: [ /* the Module containing UsulanKegiatanService */ ]\n  })\n\nFor more common dependency resolution issues, see: https://docs.nestjs.com/faq/common-errors\n    at TestingInjector.lookupComponentInParentModules (C:\\Users\\Rifki Izzulhaq\\Documents\\Belajar\\Web\\JS\\Latihan\\Turborepo\\siperada-fullstack\\node_modules\\.pnpm\\@nestjs+core@11.1.13_@nestj_4eb51b33436697b7489bc341bd7dd41e\\node_modules\\@nestjs\\core\\injector\\injector.js:290:19)\n    at processTicksAndRejections (node:internal/process/task_queues:105:5)\n    at TestingInjector.resolveComponentWrapper (C:\\Users\\Rifki Izzulhaq\\Documents\\Belajar\\Web\\JS\\Latihan\\Turborepo\\siperada-fullstack\\node_modules\\.pnpm\\@nestjs+testing@11.1.13_@ne_6d0b98b1b7d5ad01a9a38fe512624941\\node_modules\\@nestjs\\testing\\testing-injector.js:19:45)\n    at resolveParam (C:\\Users\\Rifki Izzulhaq\\Documents\\Belajar\\Web\\JS\\Latihan\\Turborepo\\siperada-fullstack\\node_modules\\.pnpm\\@nestjs+core@11.1.13_@nestj_4eb51b33436697b7489bc341bd7dd41e\\node_modules\\@nestjs\\core\\injector\\injector.js:140:38)\n    at async Promise.all (index 0)\n    at TestingInjector.resolveConstructorParams (C:\\Users\\Rifki Izzulhaq\\Documents\\Belajar\\Web\\JS\\Latihan\\Turborepo\\siperada-fullstack\\node_modules\\.pnpm\\@nestjs+core@11.1.13_@nestj_4eb51b33436697b7489bc341bd7dd41e\\node_modules\\@nestjs\\core\\injector\\injector.js:169:27)\n    at TestingInjector.loadInstance (C:\\Users\\Rifki Izzulhaq\\Documents\\Belajar\\Web\\JS\\Latihan\\Turborepo\\siperada-fullstack\\node_modules\\.pnpm\\@nestjs+core@11.1.13_@nestj_4eb51b33436697b7489bc341bd7dd41e\\node_modules\\@nestjs\\core\\injector\\injector.js:75:13)\n    at TestingInjector.loadController (C:\\Users\\Rifki Izzulhaq\\Documents\\Belajar\\Web\\JS\\Latihan\\Turborepo\\siperada-fullstack\\node_modules\\.pnpm\\@nestjs+core@11.1.13_@nestj_4eb51b33436697b7489bc341bd7dd41e\\node_modules\\@nestjs\\core\\injector\\injector.js:94:9)\n    at C:\\Users\\Rifki Izzulhaq\\Documents\\Belajar\\Web\\JS\\Latihan\\Turborepo\\siperada-fullstack\\node_modules\\.pnpm\\@nestjs+core@11.1.13_@nestj_4eb51b33436697b7489bc341bd7dd41e\\node_modules\\@nestjs\\core\\injector\\instance-loader.js:68:13\n    at async Promise.all (index 0)\n    at TestingInstanceLoader.createInstancesOfControllers (C:\\Users\\Rifki Izzulhaq\\Documents\\Belajar\\Web\\JS\\Latihan\\Turborepo\\sipera
[...]
c341bd7dd41e/node_modules/@nestjs/core/injector/instance-loader.js\u001b[2m:22:13)\u001b[22m\u001b[2m\u001b[22m\n\u001b[2m      \u001b[2mat TestingInstanceLoader.createInstancesOfDependencies (\u001b[22m\u001b[2m../../../node_modules/.pnpm/@nestjs+testing@11.1.13_@ne_6d0b98b1b7d5ad01a9a38fe512624941/node_modules/@nestjs/testing/testing-instance-loader.js\u001b[2m:9:9)\u001b[22m\u001b[2m\u001b[22m\n\u001b[2m      \u001b[2mat TestingModuleBuilder.createInstancesOfDependencies (\u001b[22m\u001b[2m../../../node_modules/.pnpm/@nestjs+testing@11.1.13_@ne_6d0b98b1b7d5ad01a9a38fe512624941/node_modules/@nestjs/testing/testing-module.builder.js\u001b[2m:118:9)\u001b[22m\u001b[2m\u001b[22m\n\u001b[2m      \u001b[2mat TestingModuleBuilder.compile (\u001b[22m\u001b[2m../../../node_modules/.pnpm/@nestjs+testing@11.1.13_@ne_6d0b98b1b7d5ad01a9a38fe512624941/node_modules/@nestjs/testing/testing-module.builder.js\u001b[2m:74:9)\u001b[22m\u001b[2m\u001b[22m\n\u001b[2m      \u001b[2mat Object.<anonymous> (\u001b[22m\u001b[2m\u001b[0m\u001b[36mmodules/judul_kegiatan/judul_kegiatan.controller.spec.ts\u001b[39m\u001b[0m\u001b[2m:8:35)\u001b[22m\u001b[2m\u001b[22m\n","name":"C:\\Users\\Rifki Izzulhaq\\Documents\\Belajar\\Web\\JS\\Latihan\\Turborepo\\siperada-fullstack\\apps\\api\\src\\modules\\judul_kegiatan\\judul_kegiatan.controller.spec.ts","startTime":1771155882973,"status":"failed","summary":""},{"assertionResults":[{"ancestorTitles":["AkunDetailService"],"duration":13,"failing":false,"failureDetails":[],"failureMessages":[],"fullName":"AkunDetailService should be defined","invocations":1,"location":null,"numPassingAsserts":1,"retryReasons":[],"startAt":1771155888785,"status":"passed","title":"should be defined"},{"ancestorTitles":["AkunDetailService","findAllAkunDetail"],"duration":7,"failing":false,"failureDetails":[],"failureMessages":[],"fullName":"AkunDetailService findAllAkunDetail should return an array of akun detail","invocations":1,"location":null,"numPassingAsserts":2,"retryReasons":[],"startAt":1771155888799,"status":"passed","title":"should return an array of akun detail"},{"ancestorTitles":["AkunDetailService","findAkunDetailById"],"duration":14,"failing":false,"failureDetails":[],"failureMessages":[],"fullName":"AkunDetailService findAkunDetailById should return an akun detail when found","invocations":1,"location":null,"numPassingAsserts":2,"retryReasons":[],"startAt":1771155888806,"status":"passed","title":"should return an akun detail when found"},{"ancestorTitles":["AkunDetailService","findAkunDetailById"],"duration":47,"failing":false,"failureDetails":[],"failureMessages":[],"fullName":"AkunDetailService findAkunDetailById should throw NotFoundException when akun detail not found","invocations":1,"location":null,"numPassingAsserts":2,"retryReasons":[],"startAt":1771155888820,"status":"passed","title":"should throw NotFoundException when akun detail not found"},{"ancestorTitles":["AkunDetailService","create"],"duration":7,"failing":false,"failureDetails":[],"failureMessages":[],"fullName":"AkunDetailService create should create and return a new akun detail","invocations":1,"location":null,"numPassingAsserts":3,"retryReasons":[],"startAt":1771155888867,"status":"passed","title":"should create and return a new akun detail"},{"ancestorTitles":["AkunDetailService","update"],"duration":4,"failing":false,"failureDetails":[],"failureMessages":[],"fullName":"AkunDetailService update should update and return the akun detail","invocations":1,"location":null,"numPassingAsserts":3,"retryReasons":[],"startAt":1771155888875,"status":"passed","title":"should update and return the akun detail"},{"ancestorTitles":["AkunDetailService","update"],"duration":3,"failing":false,"failureDetails":[],"failureMessages":[],"fullName":"AkunDetailService update should throw NotFoundException when updating non-existent akun detail","invocations":1,"location":null,"numPassingAsserts":1,"retryReasons":[],"startAt":1771155888880,"status":"passed","title":"should throw NotFoundException when updating non-existent akun detail"},{"ancestorTitles":["AkunDetailService","delete"],"duration":5,"failing":false,"failureDetails":[],"failureMessages":[],"fullName":"AkunDetailService delete should delete and return the akun detail","invocations":1,"location":null,"numPassingAsserts":3,"retryReasons":[],"startAt":1771155888884,"status":"passed","title":"should delete and return the akun detail"},{"ancestorTitles":["AkunDetailService","delete"],"duration":6,"failing":false,"failureDetails":[],"failureMessages":[],"fullName":"AkunDetailService delete should throw NotFoundException when deleting non-existent akun detail","invocations":1,"location":null,"numPassingAsserts":1,"retryReasons":[],"startAt":1771155888890,"status":"passed","title":"should throw NotFoundException when deleting non-existent akun detail"},{"ancestorTitles":["AkunDetailService","searchByParams"],"duration":4,"failing":false,"failureDetails":[],"failureMessages":[],"fullName":"AkunDetailService searchByParams should return paginated search results with name and kode search","invocations":1,"location":null,"numPassingAsserts":5,"retryReasons":[],"startAt":1771155888897,"status":"passed","title":"should return paginated search results with name and kode search"},{"ancestorTitles":["AkunDetailService","searchByParams"],"duration":2,"failing":false,"failureDetails":[],"failureMessages":[],"fullName":"AkunDetailService searchByParams should use default values when query params not provided","invocations":1,"location":null,"numPassingAsserts":2,"retryReasons":[],"startAt":1771155888901,"status":"passed","title":"should use default values when query params not provided"}],"endTime":1771155888904,"message":"","name":"C:\\Users\\Rifki Izzulhaq\\Documents\\Belajar\\Web\\JS\\Latihan\\Turborepo\\siperada-fullstack\\apps\\api\\src\\modules\\akun_detail\\akun_detail.service.spec.ts","startTime":1771155887619,"status":"passed","summary":""},{"assertionResults":[{"ancestorTitles":["UserController","findUser"],"duration":37,"failing":false,"failureDetails":[],"failureMessages":[],"fullName":"UserController findUser should return all users","invocations":1,"location":null,"numPassingAsserts":2,"retryReasons":[],"startAt":1771155888777,"status":"passed","title":"should return all users"},{"ancestorTitles":["UserController","GetAllRoles"],"duration":10,"failing":false,"failureDetails":[],"failureMessages":[],"fullName":"UserController GetAllRoles should return all roles except superadmin","invocations":1,"location":null,"numPassingAsserts":2,"retryReasons":[],"startAt":1771155888815,"status":"passed","title":"should return all roles except superadmin"},{"ancestorTitles":["UserController","GetAllPermission"],"duration":8,"failing":false,"failureDetails":[],"failureMessages":[],"fullName":"UserController GetAllPermission should return all permissions","invocations":1,"location":null,"numPassingAsserts":2,"retryReasons":[],"startAt":1771155888826,"status":"passed","title":"should return all permissions"},{"ancestorTitles":["UserController","searchUsers"],"duration":8,"failing":false,"failureDetails":[],"failureMessages":[],"fullName":"UserController searchUsers should return paginated search results","invocations":1,"location":null,"numPassingAsserts":2,"retryReasons":[],"startAt":1771155888834,"status":"passed","title":"should return paginated search results"},{"ancestorTitles":["UserController","searchUsers"],"duration":8,"failing":false,"failureDetails":[],"failureMessages":[],"fullName":"UserController searchUsers should handle search with role filter","invocations":1,"location":null,"numPassingAsserts":2,"retryReasons":[],"startAt":1771155888842,"status":"passed","title":"should handle search with role filter"},{"ancestorTitles":["UserController","CreateUser"],"duration":12,"failing":false,"failureDetails":[],"failureMessages":[],"fullName":"UserController CreateUser should create a new user","invocations":1,"location":null,"numPassingAsserts":2,"retryReasons":[],"startAt":1771155888851,"status":"passed","title":"should create a new user"},{"ancestorTitles":["UserController","CreateUser"],"duration":6,"failing":false,"failureDetails":[],"failureMessages":[],"fullName":"UserController CreateUser should create admin user with profile","invocations":1,"location":null,"numPassingAsserts":2,"retryReasons":[],"startAt":1771155888864,"status":"passed","title":"should create admin user with profile"},{"ancestorTitles":["UserController","UpdateUser"],"duration":6,"failing":false,"failureDetails":[],"failureMessages":[],"fullName":"UserController UpdateUser should update user","invocations":1,"location":null,"numPassingAsserts":2,"retryReasons":[],"startAt":1771155888870,"status":"passed","title":"should update user"},{"ancestorTitles":["UserController","UpdateUser"],"duration":5,"failing":false,"failureDetails":[],"failureMessages":[],"fullName":"UserController UpdateUser should update user password","invocations":1,"location":null,"numPassingAsserts":1,"retryReasons":[],"startAt":1771155888876,"status":"passed","title":"should update user password"},{"ancestorTitles":["UserController","UpdateUser"],"duration":4,"failing":false,"failureDetails":[],"failureMessages":[],"fullName":"UserController UpdateUser should update user role","invocations":1,"location":null,"numPassingAsserts":2,"retryReasons":[],"startAt":1771155888882,"status":"passed","title":"should update user role"},{"ancestorTitles":["UserController","DeleteUser"],"duration":3,"failing":false,"failureDetails":[],"failureMessages":[],"fullName":"UserController DeleteUser should delete user successfully","invocations":1,"location":null,"numPassingAsserts":2,"retryReasons":[],"startAt":1771155888887,"status":"passed","title":"should delete user successfully"},{"ancestorTitles":["UserController","DeleteUser"],"duration":17,"failing":false,"failureDetails":[],"failureMessages":[],"fullName":"UserController DeleteUser should handle delete of non-existent user","invocations":1,"location":null,"numPassingAsserts":2,"retryReasons":[],"startAt":1771155888891,"status":"passed","title":"should handle delete of non-existent user"}],"endTime":1771155888910,"message":"","name":"C:\\Users\\Rifki Izzulhaq\\Documents\\Belajar\\Web\\JS\\Latihan\\Turborepo\\siperada-fullstack\\apps\\api\\src\\modules\\user\\user.controller.spec.ts","startTime":1771155883019,"status":"passed","summary":""},{"assertionResults":[{"ancestorTitles":["AuthController","login"],"duration":25,"failing":false,"failureDetails":[],"failureMessages":[],"fullName":"AuthController login should login successfully and set cookie","invocations":1,"location":null,"numPassingAsserts":3,"retryReasons":[],"startAt":1771155888930,"status":"passed","title":"should login successfully and set cookie"},{"ancestorTitles":["AuthController","login"],"duration":17,"failing":false,"failureDetails":[],"failureMessages":[],"fullName":"AuthController login should handle login failure","invocations":1,"location":null,"numPassingAsserts":2,"retryReasons":[],"startAt":1771155888956,"status":"passed","title":"should handle login failure"},{"ancestorTitles":["AuthController","refresh"],"duration":5,"failing":false,"failureDetails":[],"failureMessages":[],"fullName":"AuthController refresh should refresh tokens using cookie","invocations":1,"location":null,"numPassingAsserts":3,"retryReasons":[],"startAt":1771155888973,"status":"passed","title":"should refresh tokens using cookie"},{"ancestorTitles":["AuthController","refresh"],"duration":2,"failing":false,"failureDetails":[],"failureMessages":[],"fullName":"AuthController refresh should refresh tokens using body token","invocations":1,"location":null,"numPassingAsserts":2,"retryReasons":[],"startAt":1771155888978,"status":"passed","title":"should refresh tokens using body token"},{"ancestorTitles":["AuthController","refresh"],"duration":3,"failing":false,"failureDetails":[],"failureMessages":[],"fullName":"AuthController refresh should prioritize body token over cookie","invocations":1,"location":null,"numPassingAsserts":1,"retryReasons":[],"startAt":1771155888981,"status":"passed","title":"should prioritize body token over cookie"},{"ancestorTitles":["AuthController","refresh"],"duration":5,"failing":false,"failureDetails":[],"failureMessages":[],"fullName":"AuthController refresh should throw UnauthorizedException when no refresh token","invocations":1,"location":null,"numPassingAsserts":3,"retryReasons":[],"startAt":1771155888984,"status":"passed","title":"should throw UnauthorizedException when no refresh token"},{"ancestorTitles":["AuthController","logout"],"duration":3,"failing":false,"failureDetails":[],"failureMessages":[],"fullName":"AuthController logout should logout successfully with refresh token and user","invocations":1,"location":null,"numPassingAsserts":4,"retryReasons":[],"startAt":1771155888989,"status":"passed","title":"should logout successfully with refresh token and user"},{"ancestorTitles":["AuthController","logout"],"duration":2,"failing":false,"failureDetails":[],"failureMessages":[],"fullName":"AuthController logout should logout without refresh token","invocations":1,"location":null,"numPassingAsserts":3,"retryReasons":[],"startAt":1771155888992,"status":"passed","title":"should logout without refresh token"},{"ancestorTitles":["AuthController","logout"],"duration":4,"failing":false,"failureDetails":[],"failureMessages":[],"fullName":"AuthController logout should logout without user jti","invocations":1,"location":null,"numPassingAsserts":3,"retryReasons":[],"startAt":1771155888994,"status":"passed","title":"should logout without user jti"},{"ancestorTitles":["AuthController","logout"],"duration":3,"failing":false,"failureDetails":[],"failureMessages":[],"fullName":"AuthController logout should clear cookie even if logout fails","invocations":1,"location":null,"numPassingAsserts":1,"retryReasons":[],"startAt":1771155888998,"status":"passed","title":"should clear cookie even if logout fails"},{"ancestorTitles":["AuthController","edge cases"],"duration":2,"failing":false,"failureDetails":[],"failureMessages":[],"fullName":"AuthController edge cases should handle missing cookies object","invocations":1,"location":null,"numPassingAsserts":1,"retryReasons":[],"startAt":1771155889001,"status":"passed","title":"should handle missing cookies object"},{"ancestorTitles":["AuthController","edge cases"],"duration":2,"failing":false,"failureDetails":[],"failureMessages":[],"fullName":"AuthController edge cases should handle empty string body token","invocations":1,"location":null,"numPassingAsserts":1,"retryReasons":[],"startAt":1771155889003,"status":"passed","title":"should handle empty string body token"}],"endTime":1771155889006,"message":"","name":"C:\\Users\\Rifki Izzulhaq\\Documents\\Belajar\\Web\\JS\\Latihan\\Turborepo\\siperada-fullstack\\apps\\api\\src\\modules\\auth\\auth.controller.spec.ts","startTime":1771155883099,"status":"passed","summary":""},{"assertionResults":[{"ancestorTitles":["KategoriController"],"duration":6,"failing":false,"failureDetails":[],"failureMessages":[],"fullName":"KategoriController should be defined","invocations":1,"location":null,"numPassingAsserts":1,"retryReasons":[],"startAt":1771155889089,"status":"passed","title":"should be defined"},{"ancestorTitles":["KategoriController","findAll"],"duration":3,"failing":false,"failureDetails":[],"failureMessages":[],"fullName":"KategoriController findAll should return an array of kategori","invocations":1,"location":null,"numPassingAsserts":2,"retryReasons":[],"startAt":1771155889096,"status":"passed","title":"should return an array of kategori"},{"ancestorTitles":["KategoriController","searchKategori"],"duration":5,"failing":false,"failureDetails":[],"failureMessages":[],"fullName":"KategoriController searchKategori should return paginated search results","invocations":1,"location":null,"numPassingAsserts":2,"retryReasons":[],"startAt":1771155889099,"status":"passed","title":"should return paginated search results"},{"ancestorTitles":["KategoriController","createKategori"],"duration":5,"failing":false,"failureDetails":[],"failureMessages":[],"fullName":"KategoriController createKategori should create and return a new kategori","invocations":1,"location":null,"numPassingAsserts":2,"retryReasons":[],"startAt":1771155889104,"status":"passed","title":"should create and return a new kategori"},{"ancestorTitles":["KategoriController","updateKategori"],"duration":5,"failing":false,"failureDetails":[],"failureMessages":[],"fullName":"KategoriController updateKategori should update and return the kategori","invocations":1,"location":null,"numPassingAsserts":2,"retryReasons":[],"startAt":1771155889109,"status":"passed","title":"should update and return the kategori"},{"ancestorTitles":["KategoriController","deleteKategori"],"duration":4,"failing":false,"failureDetails":[],"failureMessages":[],"fullName":"KategoriController deleteKategori should delete and return the kategori","invocations":1,"location":null,"numPassingAsserts":2,"retryReasons":[],"startAt":1771155889114,"status":"passed","title":"should delete and return the kategori"}],"endTime":1771155889119,"message":"","name":"C:\\Users\\Rifki Izzulhaq\\Documents\\Belajar\\Web\\JS\\Latihan\\Turborepo\\siperada-fullstack\\apps\\api\\src\\modules\\kategori\\kategori.controller.spec.ts","startTime":1771155886187,"status":"passed","summary":""},{"assertionResults":[{"ancestorTitles":["AkunDetailController"],"duration":7,"failing":false,"failureDetails":[],"failureMessages":[],"fullName":"AkunDetailController should be defined","invocations":1,"location":null,"numPassingAsserts":1,"retryReasons":[],"startAt":1771155889214,"status":"passed","title":"should be defined"},{"ancestorTitles":["AkunDetailController","findAll"],"duration":5,"failing":false,"failureDetails":[],"failureMessages":[],"fullName":"AkunDetailController findAll should return an array of akun detail","invocations":1,"location":null,"numPassingAsserts":2,"retryReasons":[],"startAt":1771155889221,"status":"passed","title":"should return an array of akun detail"},{"ancestorTitles":["AkunDetailController","searchAkunDetail"],"duration":4,"failing":false,"failureDetails":[],"failureMessages":[],"fullName":"AkunDetailController searchAkunDetail should return paginated search results","invocations":1,"location":null,"numPassingAsserts":2,"retryReasons":[],"startAt":1771155889226,"status":"passed","title":"should return paginated search results"},{"ancestorTitles":["AkunDetailController","createAkunDetail"],"duration":3,"failing":false,"failureDetails":[],"failureMessages":[],"fullName":"AkunDetailController createAkunDetail should create and return a new akun detail","invocations":1,"location":null,"numPassingAsserts":2,"retryReasons":[],"startAt":1771155889230,"status":"passed","title":"should create and return a new akun detail"},{"ancestorTitles":["AkunDetailController","updateAkunDetail"],"duration":3,"failing":false,"failureDetails":[],"failureMessages":[],"fullName":"AkunDetailController updateAkunDetail should update and return the akun detail","invocations":1,"location":null,"numPassingAsserts":2,"retryReasons":[],"startAt":1771155889233,"status":"passed","title":"should update and return the akun detail"},{"ancestorTitles":["AkunDetailController","deleteAkunDetail"],"duration":3,"failing":false,"failureDetails":[],"failureMessages":[],"fullName":"AkunDetailController deleteAkunDetail should delete and return the akun detail","invocations":1,"location":null,"numPassingAsserts":2,"retryReasons":[],"startAt":1771155889236,"status":"passed","title":"should delete and return the akun detail"}],"endTime":1771155889240,"message":"","name":"C:\\Users\\Rifki Izzulhaq\\Documents\\Belajar\\Web\\JS\\Latihan\\Turborepo\\siperada-fullstack\\apps\\api\\src\\modules\\akun_detail\\akun_detail.controller.spec.ts","startTime":1771155887486,"status":"passed","summary":""}],"wasInterrupted":false}
