{"numFailedTestSuites":1,"numFailedTests":1,"numPassedTestSuites":19,"numPassedTests":179,"numPendingTestSuites":0,"numPendingTests":0,"numRuntimeErrorTestSuites":0,"numTodoTests":0,"numTotalTestSuites":20,"numTotalTests":180,"openHandles":[],"snapshot":{"added":0,"didUpdate":false,"failure":false,"filesAdded":0,"filesRemoved":0,"filesRemovedList":[],"filesUnmatched":0,"filesUpdated":0,"matched":0,"total":0,"unchecked":0,"uncheckedKeysByFile":[],"unmatched":0,"updated":0},"startTime":1771156143384,"success":false,"testResults":[{"assertionResults":[{"ancestorTitles":["RedisService"],"duration":41,"failing":false,"failureDetails":[],"failureMessages":[],"fullName":"RedisService should be defined","invocations":1,"location":null,"numPassingAsserts":1,"retryReasons":[],"startAt":1771156147056,"status":"passed","title":"should be defined"},{"ancestorTitles":["RedisService","get"],"duration":12,"failing":false,"failureDetails":[],"failureMessages":[],"fullName":"RedisService get should return parsed value when key exists","invocations":1,"location":null,"numPassingAsserts":2,"retryReasons":[],"startAt":1771156147099,"status":"passed","title":"should return parsed value when key exists"},{"ancestorTitles":["RedisService","get"],"duration":7,"failing":false,"failureDetails":[],"failureMessages":[],"fullName":"RedisService get should return null when key does not exist","invocations":1,"location":null,"numPassingAsserts":1,"retryReasons":[],"startAt":1771156147111,"status":"passed","title":"should return null when key does not exist"},{"ancestorTitles":["RedisService","set"],"duration":12,"failing":false,"failureDetails":[],"failureMessages":[],"fullName":"RedisService set should set value with TTL","invocations":1,"location":null,"numPassingAsserts":1,"retryReasons":[],"startAt":1771156147118,"status":"passed","title":"should set value with TTL"},{"ancestorTitles":["RedisService","del"],"duration":6,"failing":false,"failureDetails":[],"failureMessages":[],"fullName":"RedisService del should delete key","invocations":1,"location":null,"numPassingAsserts":1,"retryReasons":[],"startAt":1771156147131,"status":"passed","title":"should delete key"},{"ancestorTitles":["RedisService","exists"],"duration":5,"failing":false,"failureDetails":[],"failureMessages":[],"fullName":"RedisService exists should return true when key exists","invocations":1,"location":null,"numPassingAsserts":1,"retryReasons":[],"startAt":1771156147138,"status":"passed","title":"should return true when key exists"},{"ancestorTitles":["RedisService","exists"],"duration":4,"failing":false,"failureDetails":[],"failureMessages":[],"fullName":"RedisService exists should return false when key does not exist","invocations":1,"location":null,"numPassingAsserts":1,"retryReasons":[],"startAt":1771156147144,"status":"passed","title":"should return false when key does not exist"},{"ancestorTitles":["RedisService","ttl"],"duration":5,"failing":false,"failureDetails":[],"failureMessages":[],"fullName":"RedisService ttl should return TTL for key","invocations":1,"location":null,"numPassingAsserts":2,"retryReasons":[],"startAt":1771156147148,"status":"passed","title":"should return TTL for key"}],"endTime":1771156147156,"message":"","name":"C:\\Users\\Rifki Izzulhaq\\Documents\\Belajar\\Web\\JS\\Latihan\\Turborepo\\siperada-fullstack\\apps\\api\\src\\database\\redis\\redis.service.spec.ts","startTime":1771156144638,"status":"passed","summary":""},{"assertionResults":[{"ancestorTitles":["SecurityService","checkAccountLockout"],"duration":37,"failing":false,"failureDetails":[],"failureMessages":[],"fullName":"SecurityService checkAccountLockout should not throw when account is not locked and attempts < 5","invocations":1,"location":null,"numPassingAsserts":3,"retryReasons":[],"startAt":1771156147079,"status":"passed","title":"should not throw when account is not locked and attempts < 5"},{"ancestorTitles":["SecurityService","checkAccountLockout"],"duration":29,"failing":false,"failureDetails":[],"failureMessages":[],"fullName":"SecurityService checkAccountLockout should throw UnauthorizedException when account is already locked","invocations":1,"location":null,"numPassingAsserts":4,"retryReasons":[],"startAt":1771156147117,"status":"passed","title":"should throw UnauthorizedException when account is already locked"},{"ancestorTitles":["SecurityService","checkAccountLockout"],"duration":9,"failing":false,"failureDetails":[],"failureMessages":[],"fullName":"SecurityService checkAccountLockout should lock account on 5th failed attempt with 5 minute lockout (first lockout)","invocations":1,"location":null,"numPassingAsserts":6,"retryReasons":[],"startAt":1771156147146,"status":"passed","title":"should lock account on 5th failed attempt with 5 minute lockout (first lockout)"},{"ancestorTitles":["SecurityService","checkAccountLockout"],"duration":11,"failing":false,"failureDetails":[],"failureMessages":[],"fullName":"SecurityService checkAccountLockout should increase lockout duration progressively (2nd lockout = 10 minutes)","invocations":1,"location":null,"numPassingAsserts":3,"retryReasons":[],"startAt":1771156147155,"status":"passed","title":"should increase lockout duration progressively (2nd lockout = 10 minutes)"},{"ancestorTitles":["SecurityService","checkAccountLockout"],"duration":9,"failing":false,"failureDetails":[],"failureMessages":[],"fullName":"SecurityService checkAccountLockout should cap lockout duration at 30 minutes (max)","invocations":1,"location":null,"numPassingAsserts":2,"retryReasons":[],"startAt":1771156147166,"status":"passed","title":"should cap lockout duration at 30 minutes (max)"},{"ancestorTitles":["SecurityService","checkAccountLockout"],"duration":5,"failing":false,"failureDetails":[],"failureMessages":[],"fullName":"SecurityService checkAccountLockout should handle 4 failed attempts without locking","invocations":1,"location":null,"numPassingAsserts":2,"retryReasons":[],"startAt":1771156147175,"status":"passed","title":"should handle 4 failed attempts without locking"},{"ancestorTitles":["SecurityService","incrementFailedAttempts"],"duration":5,"failing":false,"failureDetails":[],"failureMessages":[],"fullName":"SecurityService incrementFailedAttempts should set failed attempts to 1 when no previous attempts exist","invocations":1,"location":null,"numPassingAsserts":2,"retryReasons":[],"startAt":1771156147181,"status":"passed","title":"should set failed attempts to 1 when no previous attempts exist"},{"ancestorTitles":["SecurityService","incrementFailedAttempts"],"duration":6,"failing":false,"failureDetails":[],"failureMessages":[],"fullName":"SecurityService incrementFailedAttempts should increment existing failed attempts count","invocations":1,"location":null,"numPassingAsserts":1,"retryReasons":[],"startAt":1771156147186,"status":"passed","title":"should increment existing failed attempts count"},{"ancestorTitles":["SecurityService","incrementFailedAttempts"],"duration":7,"failing":false,"failureDetails":[],"failureMessages":[],"fullName":"SecurityService incrementFailedAttempts should increment from 4 to 5 attempts","invocations":1,"location":null,"numPassingAsserts":1,"retryReasons":[],"startAt":1771156147192,"status":"passed","title":"should increment from 4 to 5 attempts"},{"ancestorTitles":["SecurityService","incrementFailedAttempts"],"duration":25,"failing":false,"failureDetails":[],"failureMessages":[],"fullName":"SecurityService incrementFailedAttempts should handle email with special characters","invocations":1,"location":null,"numPassingAsserts":2,"retryReasons":[],"startAt":1771156147199,"status":"passed","title":"should handle email with special characters"},{"ancestorTitles":["SecurityService","resetFailedAttempts"],"duration":4,"failing":false,"failureDetails":[],"failureMessages":[],"fullName":"SecurityService resetFailedAttempts should delete failed attempts after successful login","invocations":1,"location":null,"numPassingAsserts":1,"retryReasons":[],"startAt":1771156147225,"status":"passed","title":"should delete failed attempts after successful login"},{"ancestorTitles":["SecurityService","resetFailedAttempts"],"duration":2,"failing":false,"failureDetails":[],"failureMessages":[],"fullName":"SecurityService resetFailedAttempts should work with any email format","invocations":1,"location":null,"numPassingAsserts":1,"retryReasons":[],"startAt":1771156147229,"status":"passed","title":"should work with any email format"},{"ancestorTitles":["SecurityService","resetFailedAttempts"],"duration":3,"failing":false,"failureDetails":[],"failureMessages":[],"fullName":"SecurityService resetFailedAttempts should handle Indonesian email domains","invocations":1,"location":null,"numPassingAsserts":1,"retryReasons":[],"startAt":1771156147231,"status":"passed","title":"should handle Indonesian email domains"},{"ancestorTitles":["SecurityService","getRemainingLockTime"],"duration":4,"failing":false,"failureDetails":[],"failureMessages":[],"fullName":"SecurityService getRemainingLockTime should return remaining seconds when account is locked","invocations":1,"location":null,"numPassingAsserts":2,"retryReasons":[],"startAt":1771156147234,"status":"passed","title":"should return remaining seconds when account is locked"},{"ancestorTitles":["SecurityService","getRemainingLockTime"],"duration":3,"failing":false,"failureDetails":[],"failureMessages":[],"fullName":"SecurityService getRemainingLockTime should return 0 when ttl is negative (key expired or does not exist)","invocations":1,"location":null,"numPassingAsserts":1,"retryReasons":[],"startAt":1771156147238,"status":"passed","title":"should return 0 when ttl is negative (key expired or does not exist)"},{"ancestorTitles":["SecurityService","getRemainingLockTime"],"duration":3,"failing":false,"failureDetails":[],"failureMessages":[],"fullName":"SecurityService getRemainingLockTime should return 0 when ttl is 0","invocations":1,"location":null,"numPassingAsserts":1,"retryReasons":[],"startAt":1771156147241,"status":"passed","title":"should return 0 when ttl is 0"},{"ancestorTitles":["SecurityService","integration: complete login failure flow"],"duration":5,"failing":false,"failureDetails":[],"failureMessages":[],"fullName":"SecurityService integration: complete login failure flow should track failed attempts and lock account after 5 failures","invocations":1,"location":null,"numPassingAsserts":5,"retryReasons":[],"startAt":1771156147245,"status":"passed","title":"should track failed attempts and lock account after 5 failures"},{"ancestorTitles":["SecurityService","integration: complete login failure flow"],"duration":4,"failing":false,"failureDetails":[],"failureMessages":[],"fullName":"SecurityService integration: complete login failure flow should allow login after successful authentication (reset)","invocations":1,"location":null,"numPassingAsserts":2,"retryReasons":[],"startAt":1771156147250,"status":"passed","title":"should allow login after successful authentication (reset)"},{"ancestorTitles":["SecurityService","edge cases and error handling"],"duration":9,"failing":false,"failureDetails":[],"failureMessages":[],"fullName":"SecurityService edge cases and error handling should handle Redis get errors","invocations":1,"location":null,"numPassingAsserts":1,"retryReasons":[],"startAt":1771156147254,"status":"passed","title":"should handle Redis get errors"},{"ancestorTitles":["SecurityService","edge cases and error handling"],"duration":9,"failing":false,"failureDetails":[],"failureMessages":[],"fullName":"SecurityService edge cases and error handling should handle Redis set errors","invocations":1,"location":null,"numPassingAsserts":1,"retryReasons":[],"startAt":1771156147263,"status":"passed","title":"should handle Redis set errors"},{"ancestorTitles":["SecurityService","edge cases and error handling"],"duration":4,"failing":false,"failureDetails":[],"failureMessages":[],"fullName":"SecurityService edge cases and error handling should handle Redis del errors","invocations":1,"location":null,"numPassingAsserts":1,"retryReasons":[],"startAt":1771156147272,"status":"passed","title":"should handle Redis del errors"},{"ancestorTitles":["SecurityService","edge cases and error handling"],"duration":3,"failing":false,"failureDetails":[],"failureMessages":[],"fullName":"SecurityService edge cases and error handling should handle empty email","invocations":1,"location":null,"numPassingAsserts":2,"retryReasons":[],"startAt":1771156147276,"status":"passed","title":"should handle empty email"},{"ancestorTitles":["SecurityService","edge cases and error handling"],"duration":4,"failing":false,"failureDetails":[],"failureMessages":[],"fullName":"SecurityService edge cases and error handling should handle very long email addresses","invocations":1,"location":null,"numPassingAsserts":2,"retryReasons":[],"startAt":1771156147279,"status":"passed","title":"should handle very long email addresses"},{"ancestorTitles":["SecurityService","edge cases and error handling"],"duration":3,"failing":false,"failureDetails":[],"failureMessages":[],"fullName":"SecurityService edge cases and error handling should format error message with remaining time correctly","invocations":1,"location":null,"numPassingAsserts":3,"retryReasons":[],"startAt":1771156147283,"status":"passed","title":"should format error message with remaining time correctly"}],"endTime":1771156147290,"message":"","name":"C:\\Users\\Rifki Izzulhaq\\Documents\\Belajar\\Web\\JS\\Latihan\\Turborepo\\siperada-fullstack\\apps\\api\\src\\modules\\auth\\services\\security\\security.service.spec.ts","startTime":1771156144631,"status":"passed","summary":""},{"assertionResults":[{"ancestorTitles":["UsulanKegiatanService"],"duration":35,"failing":false,"failureDetails":[],"failureMessages":[],"fullName":"UsulanKegiatanService should be defined","invocations":1,"location":null,"numPassingAsserts":1,"retryReasons":[],"startAt":1771156147919,"status":"passed","title":"should be defined"}],"endTime":1771156147957,"message":"","name":"C:\\Users\\Rifki Izzulhaq\\Documents\\Belajar\\Web\\JS\\Latihan\\Turborepo\\siperada-fullstack\\apps\\api\\src\\modules\\usulan_kegiatan\\usulan_kegiatan.service.spec.ts","startTime":1771156144605,"status":"passed","summary":""},{"assertionResults":[{"ancestorTitles":["KomponenProgramService"],"duration":33,"failing":false,"failureDetails":[],"failureMessages":[],"fullName":"KomponenProgramService should be defined","invocations":1,"location":null,"numPassingAsserts":1,"retryReasons":[],"startAt":1771156147835,"status":"passed","title":"should be defined"},{"ancestorTitles":["KomponenProgramService","findAllKomponenProgram"],"duration":15,"failing":false,"failureDetails":[],"failureMessages":[],"fullName":"KomponenProgramService findAllKomponenProgram should return an array of komponen program with kategori relation","invocations":1,"location":null,"numPassingAsserts":2,"retryReasons":[],"startAt":1771156147870,"status":"passed","title":"should return an array of komponen program with kategori relation"},{"ancestorTitles":["KomponenProgramService","findKomponenProgramById"],"duration":6,"failing":false,"failureDetails":[],"failureMessages":[],"fullName":"KomponenProgramService findKomponenProgramById should return a komponen program when found","invocations":1,"location":null,"numPassingAsserts":2,"retryReasons":[],"startAt":1771156147886,"status":"passed","title":"should return a komponen program when found"},{"ancestorTitles":["KomponenProgramService","findKomponenProgramById"],"duration":25,"failing":false,"failureDetails":[],"failureMessages":[],"fullName":"KomponenProgramService findKomponenProgramById should throw NotFoundException when not found","invocations":1,"location":null,"numPassingAsserts":2,"retryReasons":[],"startAt":1771156147893,"status":"passed","title":"should throw NotFoundException when not found"},{"ancestorTitles":["KomponenProgramService","create"],"duration":8,"failing":false,"failureDetails":[],"failureMessages":[],"fullName":"KomponenProgramService create should create and return a new komponen program","invocations":1,"location":null,"numPassingAsserts":4,"retryReasons":[],"startAt":1771156147919,"status":"passed","title":"should create and return a new komponen program"},{"ancestorTitles":["KomponenProgramService","create"],"duration":8,"failing":false,"failureDetails":[],"failureMessages":[],"fullName":"KomponenProgramService create should throw NotFoundException when kategori not found","invocations":1,"location":null,"numPassingAsserts":1,"retryReasons":[],"startAt":1771156147927,"status":"passed","title":"should throw NotFoundException when kategori not found"},{"ancestorTitles":["KomponenProgramService","update"],"duration":4,"failing":false,"failureDetails":[{"response":{"message":"Kategori tidak ditemukan","error":"Not Found","statusCode":404},"status":404,"options":{},"message":"Kategori tidak ditemukan","name":"NotFoundException"}],"failureMessages":["NotFoundException: Kategori tidak ditemukan\n    at Object.<anonymous> (C:\\Users\\Rifki Izzulhaq\\Documents\\Belajar\\Web\\JS\\Latihan\\Turborepo\\siperada-fullstack\\apps\\api\\src\\modules\\komponen_program\\komponen_program.service.spec.ts:163:9)\n    at Promise.finally.completed (C:\\Users\\Rifki Izzulhaq\\Documents\\Belajar\\Web\\JS\\Latihan\\Turborepo\\siperada-fullstack\\node_modules\\.pnpm\\jest-circus@30.2.0\\node_modules\\jest-circus\\build\\jestAdapterInit.js:1557:28)\n    at new Promise (<anonymous>)\n    at callAsyncCircusFn (C:\\Users\\Rifki Izzulhaq\\Documents\\Belajar\\Web\\JS\\Latihan\\Turborepo\\siperada-fullstack\\node_modules\\.pnpm\\jest-circus@30.2.0\\node_modules\\jest-circus\\build\\jestAdapterInit.js:1497:10)\n    at _callCircusTest (C:\\Users\\Rifki Izzulhaq\\Documents\\Belajar\\Web\\JS\\Latihan\\Turborepo\\siperada-fullstack\\node_modules\\.pnpm\\jest-circus@30.2.0\\node_modules\\jest-circus\\build\\jestAdapterInit.js:1007:40)\n    at processTicksAndRejections (node:internal/process/task_queues:105:5)\n    at _runTest (C:\\Users\\Rifki Izzulhaq\\Documents\\Belajar\\Web\\JS\\Latihan\\Turborepo\\siperada-fullstack\\node_modules\\.pnpm\\jest-circus@30.2.0\\node_modules\\jest-circus\\build\\jestAdapterInit.js:947:3)\n    at C:\\Users\\Rifki Izzulhaq\\Documents\\Belajar\\Web\\JS\\Latihan\\Turborepo\\siperada-fullstack\\node_modules\\.pnpm\\jest-circus@30.2.0\\node_modules\\jest-circus\\build\\jestAdapterInit.js:849:7\n    at _runTestsForDescribeBlock (C:\\Users\\Rifki Izzulhaq\\Documents\\Belajar\\Web\\JS\\Latihan\\Turborepo\\siperada-fullstack\\node_modules\\.pnpm\\jest-circus@30.2.0\\node_modules\\jest-circus\\build\\jestAdapterInit.js:862:11)\n    at _runTestsForDescribeBlock (C:\\Users\\Rifki Izzulhaq\\Documents\\Belajar\\Web\\JS\\Latihan\\Turborepo\\siperada-fullstack\\node_modules\\.pnpm\\jest-circus@30.2.0\\node_modules\\jest-circus\\build\\jestAdapterInit.js:857:11)\n    at _runTestsForDescribeBlock (C:\\Users\\Rifki Izzulhaq\\Documents\\Belajar\\Web\\JS\\Latihan\\Turborepo\\siperada-fullstack\\node_modules\\.pnpm\\jest-circus@30.2.0\\node_modules\\jest-circus\\build\\jestAdapterInit.js:857:11)\n    at run (C:\\Users\\Rifki Izzulhaq\\Documents\\Belajar\\Web\\JS\\Latihan\\Turborepo\\siperada-fullstack\\node_modules\\.pnpm\\jest-circus@30.2.0\\node_modules\\jest-circus\\build\\jestAdapterInit.js:761:3)\n    at runAndTransformResultsToJestFormat (C:\\Users\\Rifki Izzulhaq\\Documents\\Belajar\\Web\\JS\\Latihan\\Turborepo\\siperada-fullstack\\node_modules\\.pnpm\\jest-circus@30.2.0\\node_modules\\jest-circus\\build\\jestAdapterInit.js:1918:21)\n    at jestAdapter (C:\\Users\\Rifki Izzulhaq\\Documents\\Belajar\\Web\\JS\\Latihan\\Turborepo\\siperada-fullstack\\node_modules\\.pnpm\\jest-circus@30.2.0\\node_modules\\jest-circus\\build\\runner.js:101:19)\n    at runTestInternal (C:\\Users\\Rifki Izzulhaq\\Documents\\Belajar\\Web\\JS\\Latihan\\Turborepo\\siperada-fullstack\\node_modules\\.pnpm\\jest-runner@30.2.0\\node_modules\\jest-runner\\build\\testWorker.js:275:16)\n    at runTest (C:\\Users\\Rifki Izzulhaq\\Documents\\Belajar\\Web\\JS\\Latihan\\Turborepo\\siperada-fullstack\\node_modules\\.pnpm\\jest-runner@30.2.0\\node_modules\\jest-runner\\build\\testWorker.js:343:7)\n    at Object.worker (C:\\Users\\Rifki Izzulhaq\\Documents\\Belajar\\Web\\JS\\Latihan\\Turborepo\\siperada-fullstack\\node_modules\\.pnpm\\jest-runner@30.2.0\\node_modules\\jest-runner\\build\\testWorker.js:497:12)"],"fullName":"KomponenProgramService update should update and return the komponen program","invocations":1,"location":null,"numPassingAsserts":0,"retryReasons":[],"startAt":1771156147935,"status":"failed","title":"should update and return the komponen program"},{"ancestorTitles":["KomponenProgramService","update"],"duration":4,"failing":false,"failureDetails":[],"failureMessages":[],"fullName":"KomponenProgramService update should throw NotFoundException when updating non-existent komponen program","invocations":1,"location":null,"numPassingAsserts":1,"retryReasons":[],"startAt":1771156147940,"status":"passed","title":"should throw NotFoundException when updating non-existent komponen program"},{"ancestorTitles":["KomponenProgramService","delete"],"duration":6,"failing":false,"failureDetails":[],"failureMessages":[],"fullName":"KomponenProgramService delete should delete and return the komponen program","invocations":1,"location":null,"numPassingAsserts":2,"retryReasons":[],"startAt":1771156147945,"status":"passed","title":"should delete and return the komponen program"},{"ancestorTitles":["KomponenProgramService","delete"],"duration":4,"failing":false,"failureDetails":[],"failureMessages":[],"fullName":"KomponenProgramService delete should throw NotFoundException when deleting non-existent komponen program","invocations":1,"location":null,"numPassingAsserts":1,"retryReasons":[],"startAt":1771156147951,"status":"passed","title":"should throw NotFoundException when deleting non-existent komponen program"},{"ancestorTitles":["KomponenProgramService","searchByParams"],"duration":5,"failing":false,"failureDetails":[],"failureMessages":[],"fullName":"KomponenProgramService searchByParams should return paginated search results with kategori relation","invocations":1,"location":null,"numPassingAsserts":6,"retryReasons":[],"startAt":1771156147956,"status":"passed","title":"should return paginated search results with kategori relation"},{"ancestorTitles":["KomponenProgramService","searchByParams"],"duration":4,"failing":false,"failureDetails":[],"failureMessages":[],"fullName":"KomponenProgramService searchByParams should use default values when query params not provided","invocations":1,"location":null,"numPassingAsserts":2,"retryReasons":[],"startAt":1771156147961,"status":"passed","title":"should use default values when query params not provided"}],"endTime":1771156147998,"message":"\u001b[1m\u001b[31m  \u001b[1m● \u001b[22m\u001b[1mKomponenProgramService › update › should update and return the komponen program\u001b[39m\u001b[22m\n\n    NotFoundException: Kategori tidak ditemukan\n\u001b[2m\u001b[22m\n\u001b[2m    \u001b[0m \u001b[90m 161 |\u001b[39m\u001b[22m\n\u001b[2m     \u001b[90m 162 |\u001b[39m       mockKategoriService\u001b[33m.\u001b[39mfindKategoriById\u001b[33m.\u001b[39mmockRejectedValue(\u001b[22m\n\u001b[2m    \u001b[31m\u001b[1m>\u001b[22m\u001b[2m\u001b[39m\u001b[90m 163 |\u001b[39m         \u001b[36mnew\u001b[39m \u001b[33mNotFoundException\u001b[39m(\u001b[32m'Kategori tidak ditemukan'\u001b[39m)\u001b[33m,\u001b[39m\u001b[22m\n\u001b[2m     \u001b[90m     |\u001b[39m         \u001b[31m\u001b[1m^\u001b[22m\u001b[2m\u001b[39m\u001b[22m\n\u001b[2m     \u001b[90m 164 |\u001b[39m       )\u001b[33m;\u001b[39m\u001b[22m\n\u001b[2m     \u001b[90m 165 |\u001b[39m\u001b[22m\n\u001b[2m     \u001b[90m 166 |\u001b[39m       \u001b[36mawait\u001b[39m expect(service\u001b[33m.\u001b[39mcreate(createData))\u001b[33m.\u001b[39mrejects\u001b[33m.\u001b[39mtoThrow(\u001b[0m\u001b[22m\n\u001b[2m\u001b[22m\n\u001b[2m      \u001b[2mat Object.<anonymous> (\u001b[22m\u001b[2m\u001b[0m\u001b[36mmodules/komponen_program/komponen_program.service.spec.ts\u001b[39m\u001b[0m\u001b[2m:163:9)\u001b[22m\u001b[2m\u001b[22m\n","name":"C:\\Users\\Rifki Izzulhaq\\Documents\\Belajar\\Web\\JS\\Latihan\\Turborepo\\siperada-fullstack\\apps\\api\\src\\modules\\komponen_program\\komponen_program.service.spec.ts","startTime":1771156144556,"status":"failed","summary":""},{"assertionResults":[{"ancestorTitles":["JudulKegiatanService"],"duration":36,"failing":false,"failureDetails":[],"failureMessages":[],"fullName":"JudulKegiatanService should be defined","invocations":1,"location":null,"numPassingAsserts":1,"retryReasons":[],"startAt":1771156147981,"status":"passed","title":"should be defined"}],"endTime":1771156148020,"message":"","name":"C:\\Users\\Rifki Izzulhaq\\Documents\\Belajar\\Web\\JS\\Latihan\\Turborepo\\siperada-fullstack\\apps\\api\\src\\modules\\judul_kegiatan\\judul_kegiatan.service.spec.ts","startTime":1771156144612,"status":"passed","summary":""},{"assertionResults":[{"ancestorTitles":["SatuanService"],"duration":45,"failing":false,"failureDetails":[],"failureMessages":[],"fullName":"SatuanService should be defined","invocations":1,"location":null,"numPassingAsserts":1,"retryReasons":[],"startAt":1771156148038,"status":"passed","title":"should be defined"},{"ancestorTitles":["SatuanService","findAllSatuan"],"duration":16,"failing":false,"failureDetails":[],"failureMessages":[],"fullName":"SatuanService findAllSatuan should return an array of satuan","invocations":1,"location":null,"numPassingAsserts":2,"retryReasons":[],"startAt":1771156148084,"status":"passed","title":"should return an array of satuan"},{"ancestorTitles":["SatuanService","findSatuanById"],"duration":23,"failing":false,"failureDetails":[],"failureMessages":[],"fullName":"SatuanService findSatuanById should return a satuan when found","invocations":1,"location":null,"numPassingAsserts":2,"retryReasons":[],"startAt":1771156148100,"status":"passed","title":"should return a satuan when found"},{"ancestorTitles":["SatuanService","findSatuanById"],"duration":30,"failing":false,"failureDetails":[],"failureMessages":[],"fullName":"SatuanService findSatuanById should throw NotFoundException when satuan not found","invocations":1,"location":null,"numPassingAsserts":2,"retryReasons":[],"startAt":1771156148123,"status":"passed","title":"should throw NotFoundException when satuan not found"},{"ancestorTitles":["SatuanService","create"],"duration":7,"failing":false,"failureDetails":[],"failureMessages":[],"fullName":"SatuanService create should create and return a new satuan","invocations":1,"location":null,"numPassingAsserts":3,"retryReasons":[],"startAt":1771156148154,"status":"passed","title":"should create and return a new satuan"},{"ancestorTitles":["SatuanService","update"],"duration":5,"failing":false,"failureDetails":[],"failureMessages":[],"fullName":"SatuanService update should update and return the satuan","invocations":1,"location":null,"numPassingAsserts":3,"retryReasons":[],"startAt":1771156148162,"status":"passed","title":"should update and return the satuan"},{"ancestorTitles":["SatuanService","update"],"duration":6,"failing":false,"failureDetails":[],"failureMessages":[],"fullName":"SatuanService update should throw NotFoundException when updating non-existent satuan","invocations":1,"location":null,"numPassingAsserts":1,"retryReasons":[],"startAt":1771156148167,"status":"passed","title":"should throw NotFoundException when updating non-existent satuan"},{"ancestorTitles":["SatuanService","delete"],"duration":5,"failing":false,"failureDetails":[],"failureMessages":[],"fullName":"SatuanService delete should delete and return the satuan","invocations":1,"location":null,"numPassingAsserts":3,"retryReasons":[],"startAt":1771156148173,"status":"passed","title":"should delete and return the satuan"},{"ancestorTitles":["SatuanService","delete"],"duration":12,"failing":false,"failureDetails":[],"failureMessages":[],"fullName":"SatuanService delete should throw NotFoundException when deleting non-existent satuan","invocations":1,"location":null,"numPassingAsserts":1,"retryReasons":[],"startAt":1771156148179,"status":"passed","title":"should throw NotFoundException when deleting non-existent satuan"},{"ancestorTitles":["SatuanService","searchByParams"],"duration":5,"failing":false,"failureDetails":[],"failureMessages":[],"fullName":"SatuanService searchByParams should return paginated search results","invocations":1,"location":null,"numPassingAsserts":5,"retryReasons":[],"startAt":1771156148192,"status":"passed","title":"should return paginated search results"},{"ancestorTitles":["SatuanService","searchByParams"],"duration":3,"failing":false,"failureDetails":[],"failureMessages":[],"fullName":"SatuanService searchByParams should use default values when query params not provided","invocations":1,"location":null,"numPassingAsserts":2,"retryReasons":[],"startAt":1771156148198,"status":"passed","title":"should use default values when query params not provided"}],"endTime":1771156148204,"message":"","name":"C:\\Users\\Rifki Izzulhaq\\Documents\\Belajar\\Web\\JS\\Latihan\\Turborepo\\siperada-fullstack\\apps\\api\\src\\modules\\satuan\\satuan.service.spec.ts","startTime":1771156144604,"status":"passed","summary":""},{"assertionResults":[{"ancestorTitles":["UserService","findAllUser"],"duration":56,"failing":false,"failureDetails":[],"failureMessages":[],"fullName":"UserService findAllUser should return all users with relations","invocations":1,"location":null,"numPassingAsserts":2,"retryReasons":[],"startAt":1771156148049,"status":"passed","title":"should return all users with relations"},{"ancestorTitles":["UserService","findUserById"],"duration":33,"failing":false,"failureDetails":[],"failureMessages":[],"fullName":"UserService findUserById should return user when found","invocations":1,"location":null,"numPassingAsserts":2,"retryReasons":[],"startAt":1771156148106,"status":"passed","title":"should return user when found"},{"ancestorTitles":["UserService","findUserById"],"duration":39,"failing":false,"failureDetails":[],"failureMessages":[],"fullName":"UserService findUserById should throw NotFoundException when user not found","invocations":1,"location":null,"numPassingAsserts":1,"retryReasons":[],"startAt":1771156148140,"status":"passed","title":"should throw NotFoundException when user not found"},{"ancestorTitles":["UserService","getAllRoles"],"duration":7,"failing":false,"failureDetails":[],"failureMessages":[],"fullName":"UserService getAllRoles should return all roles except superadmin","invocations":1,"location":null,"numPassingAsserts":2,"retryReasons":[],"startAt":1771156148179,"status":"passed","title":"should return all roles except superadmin"},{"ancestorTitles":["UserService","getAllPermission"],"duration":7,"failing":false,"failureDetails":[],"failureMessages":[],"fullName":"UserService getAllPermission should return all permissions","invocations":1,"location":null,"numPassingAsserts":2,"retryReasons":[],"startAt":1771156148186,"status":"passed","title":"should return all permissions"},{"ancestorTitles":["UserService","create"],"duration":7,"failing":false,"failureDetails":[],"failureMessages":[],"fullName":"UserService create should create user with admin profile","invocations":1,"location":null,"numPassingAsserts":3,"retryReasons":[],"startAt":1771156148193,"status":"passed","title":"should create user with admin profile"},{"ancestorTitles":["UserService","create"],"duration":8,"failing":false,"failureDetails":[],"failureMessages":[],"fullName":"UserService create should create user with unit profile","invocations":1,"location":null,"numPassingAsserts":2,"retryReasons":[],"startAt":1771156148200,"status":"passed","title":"should create user with unit profile"},{"ancestorTitles":["UserService","update"],"duration":4,"failing":false,"failureDetails":[],"failureMessages":[],"fullName":"UserService update should update user basic info","invocations":1,"location":null,"numPassingAsserts":2,"retryReasons":[],"startAt":1771156148209,"status":"passed","title":"should update user basic info"},{"ancestorTitles":["UserService","update"],"duration":5,"failing":false,"failureDetails":[],"failureMessages":[],"fullName":"UserService update should create admin profile when role changes to admin","invocations":1,"location":null,"numPassingAsserts":1,"retryReasons":[],"startAt":1771156148214,"status":"passed","title":"should create admin profile when role changes to admin"},{"ancestorTitles":["UserService","update"],"duration":5,"failing":false,"failureDetails":[],"failureMessages":[],"fullName":"UserService update should delete admin profile when role changes from admin","invocations":1,"location":null,"numPassingAsserts":1,"retryReasons":[],"startAt":1771156148219,"status":"passed","title":"should delete admin profile when role changes from admin"},{"ancestorTitles":["UserService","delete"],"duration":4,"failing":false,"failureDetails":[],"failureMessages":[],"fullName":"UserService delete should delete user successfully","invocations":1,"location":null,"numPassingAsserts":2,"retryReasons":[],"startAt":1771156148224,"status":"passed","title":"should delete user successfully"},{"ancestorTitles":["UserService","searchByParams"],"duration":5,"failing":false,"failureDetails":[],"failureMessages":[],"fullName":"UserService searchByParams should search users with pagination","invocations":1,"location":null,"numPassingAsserts":5,"retryReasons":[],"startAt":1771156148228,"status":"passed","title":"should search users with pagination"}],"endTime":1771156148236,"message":"","name":"C:\\Users\\Rifki Izzulhaq\\Documents\\Belajar\\Web\\JS\\Latihan\\Turborepo\\siperada-fullstack\\apps\\api\\src\\modules\\user\\user.service.spec.ts","startTime":1771156144619,"status":"passed","summary":""},{"assertionResults":[{"ancestorTitles":["AppController","root"],"duration":10,"failing":false,"failureDetails":[],"failureMessages":[],"fullName":"AppController root should return \"Hello World!\"","invocations":1,"location":null,"numPassingAsserts":1,"retryReasons":[],"startAt":1771156148512,"status":"passed","title":"should return \"Hello World!\""}],"endTime":1771156148523,"message":"","name":"C:\\Users\\Rifki Izzulhaq\\Documents\\Belajar\\Web\\JS\\Latihan\\Turborepo\\siperada-fullstack\\apps\\api\\src\\app.controller.spec.ts","startTime":1771156148064,"status":"passed","summary":""},{"assertionResults":[{"ancestorTitles":["AuthService","login"],"duration":45,"failing":false,"failureDetails":[],"failureMessages":[],"fullName":"AuthService login should login successfully with valid credentials","invocations":1,"location":null,"numPassingAsserts":5,"retryReasons":[],"startAt":1771156148509,"status":"passed","title":"should login successfully with valid credentials"},{"ancestorTitles":["AuthService","login"],"duration":32,"failing":false,"failureDetails":[],"failureMessages":[],"fullName":"AuthService login should throw BadRequestException for invalid password","invocations":1,"location":null,"numPassingAsserts":5,"retryReasons":[],"startAt":1771156148555,"status":"passed","title":"should throw BadRequestException for invalid password"},{"ancestorTitles":["AuthService","login"],"duration":14,"failing":false,"failureDetails":[],"failureMessages":[],"fullName":"AuthService login should check account lockout before login","invocations":1,"location":null,"numPassingAsserts":3,"retryReasons":[],"startAt":1771156148587,"status":"passed","title":"should check account lockout before login"},{"ancestorTitles":["AuthService","login"],"duration":6,"failing":false,"failureDetails":[],"failureMessages":[],"fullName":"AuthService login should increment failed attempts on wrong password","invocations":1,"location":null,"numPassingAsserts":2,"retryReasons":[],"startAt":1771156148602,"status":"passed","title":"should increment failed attempts on wrong password"},{"ancestorTitles":["AuthService","login"],"duration":8,"failing":false,"failureDetails":[],"failureMessages":[],"fullName":"AuthService login should handle user not found error","invocations":1,"location":null,"numPassingAsserts":1,"retryReasons":[],"startAt":1771156148608,"status":"passed","title":"should handle user not found error"},{"ancestorTitles":["AuthService","logout"],"duration":3,"failing":false,"failureDetails":[],"failureMessages":[],"fullName":"AuthService logout should logout successfully","invocations":1,"location":null,"numPassingAsserts":2,"retryReasons":[],"startAt":1771156148616,"status":"passed","title":"should logout successfully"},{"ancestorTitles":["AuthService","logout"],"duration":4,"failing":false,"failureDetails":[],"failureMessages":[],"fullName":"AuthService logout should handle logout with any refresh token","invocations":1,"location":null,"numPassingAsserts":1,"retryReasons":[],"startAt":1771156148620,"status":"passed","title":"should handle logout with any refresh token"},{"ancestorTitles":["AuthService","refresh"],"duration":6,"failing":false,"failureDetails":[],"failureMessages":[],"fullName":"AuthService refresh should refresh tokens successfully","invocations":1,"location":null,"numPassingAsserts":2,"retryReasons":[],"startAt":1771156148624,"status":"passed","title":"should refresh tokens successfully"},{"ancestorTitles":["AuthService","refresh"],"duration":6,"failing":false,"failureDetails":[],"failureMessages":[],"fullName":"AuthService refresh should handle invalid refresh token","invocations":1,"location":null,"numPassingAsserts":1,"retryReasons":[],"startAt":1771156148630,"status":"passed","title":"should handle invalid refresh token"},{"ancestorTitles":["AuthService","isTokenBlacklisted"],"duration":5,"failing":false,"failureDetails":[],"failureMessages":[],"fullName":"AuthService isTokenBlacklisted should return true when token is blacklisted","invocations":1,"location":null,"numPassingAsserts":2,"retryReasons":[],"startAt":1771156148636,"status":"passed","title":"should return true when token is blacklisted"},{"ancestorTitles":["AuthService","isTokenBlacklisted"],"duration":3,"failing":false,"failureDetails":[],"failureMessages":[],"fullName":"AuthService isTokenBlacklisted should return false when token is not blacklisted","invocations":1,"location":null,"numPassingAsserts":2,"retryReasons":[],"startAt":1771156148642,"status":"passed","title":"should return false when token is not blacklisted"},{"ancestorTitles":["AuthService","blacklistToken"],"duration":3,"failing":false,"failureDetails":[],"failureMessages":[],"fullName":"AuthService blacklistToken should blacklist token successfully","invocations":1,"location":null,"numPassingAsserts":1,"retryReasons":[],"startAt":1771156148646,"status":"passed","title":"should blacklist token successfully"},{"ancestorTitles":["AuthService","blacklistToken"],"duration":4,"failing":false,"failureDetails":[],"failureMessages":[],"fullName":"AuthService blacklistToken should handle blacklisting errors","invocations":1,"location":null,"numPassingAsserts":1,"retryReasons":[],"startAt":1771156148649,"status":"passed","title":"should handle blacklisting errors"},{"ancestorTitles":["AuthService","integration scenarios"],"duration":5,"failing":false,"failureDetails":[],"failureMessages":[],"fullName":"AuthService integration scenarios should complete full login flow","invocations":1,"location":null,"numPassingAsserts":7,"retryReasons":[],"startAt":1771156148653,"status":"passed","title":"should complete full login flow"},{"ancestorTitles":["AuthService","integration scenarios"],"duration":5,"failing":false,"failureDetails":[],"failureMessages":[],"fullName":"AuthService integration scenarios should handle failed login and increment attempts","invocations":1,"location":null,"numPassingAsserts":3,"retryReasons":[],"startAt":1771156148658,"status":"passed","title":"should handle failed login and increment attempts"}],"endTime":1771156148667,"message":"","name":"C:\\Users\\Rifki Izzulhaq\\Documents\\Belajar\\Web\\JS\\Latihan\\Turborepo\\siperada-fullstack\\apps\\api\\src\\modules\\auth\\auth.service.spec.ts","startTime":1771156144626,"status":"passed","summary":""},{"assertionResults":[{"ancestorTitles":["TokenService","generateAccessToken"],"duration":44,"failing":false,"failureDetails":[],"failureMessages":[],"fullName":"TokenService generateAccessToken should generate access token with correct payload","invocations":1,"location":null,"numPassingAsserts":2,"retryReasons":[],"startAt":1771156148497,"status":"passed","title":"should generate access token with correct payload"},{"ancestorTitles":["TokenService","generateAccessToken"],"duration":13,"failing":false,"failureDetails":[],"failureMessages":[],"fullName":"TokenService generateAccessToken should handle user without permissions","invocations":1,"location":null,"numPassingAsserts":1,"retryReasons":[],"startAt":1771156148542,"status":"passed","title":"should handle user without permissions"},{"ancestorTitles":["TokenService","generateAccessToken"],"duration":11,"failing":false,"failureDetails":[],"failureMessages":[],"fullName":"TokenService generateAccessToken should generate unique jti for each token","invocations":1,"location":null,"numPassingAsserts":2,"retryReasons":[],"startAt":1771156148555,"status":"passed","title":"should generate unique jti for each token"},{"ancestorTitles":["TokenService","createRefreshToken"],"duration":7,"failing":false,"failureDetails":[],"failureMessages":[],"fullName":"TokenService createRefreshToken should create refresh token and store in Redis","invocations":1,"location":null,"numPassingAsserts":2,"retryReasons":[],"startAt":1771156148567,"status":"passed","title":"should create refresh token and store in Redis"},{"ancestorTitles":["TokenService","createRefreshToken"],"duration":9,"failing":false,"failureDetails":[],"failureMessages":[],"fullName":"TokenService createRefreshToken should add token to user tokens list","invocations":1,"location":null,"numPassingAsserts":1,"retryReasons":[],"startAt":1771156148574,"status":"passed","title":"should add token to user tokens list"},{"ancestorTitles":["TokenService","createRefreshToken"],"duration":6,"failing":false,"failureDetails":[],"failureMessages":[],"fullName":"TokenService createRefreshToken should use default expiry if not configured","invocations":1,"location":null,"numPassingAsserts":1,"retryReasons":[],"startAt":1771156148583,"status":"passed","title":"should use default expiry if not configured"},{"ancestorTitles":["TokenService","generateTokens"],"duration":6,"failing":false,"failureDetails":[],"failureMessages":[],"fullName":"TokenService generateTokens should generate both access and refresh tokens","invocations":1,"location":null,"numPassingAsserts":1,"retryReasons":[],"startAt":1771156148589,"status":"passed","title":"should generate both access and refresh tokens"},{"ancestorTitles":["TokenService","blacklistToken"],"duration":6,"failing":false,"failureDetails":[],"failureMessages":[],"fullName":"TokenService blacklistToken should add token to blacklist with correct TTL","invocations":1,"location":null,"numPassingAsserts":1,"retryReasons":[],"startAt":1771156148596,"status":"passed","title":"should add token to blacklist with correct TTL"},{"ancestorTitles":["TokenService","blacklistToken"],"duration":6,"failing":false,"failureDetails":[],"failureMessages":[],"fullName":"TokenService blacklistToken should use default expiry if not configured","invocations":1,"location":null,"numPassingAsserts":1,"retryReasons":[],"startAt":1771156148602,"status":"passed","title":"should use default expiry if not configured"},{"ancestorTitles":["TokenService","isTokenBlacklisted"],"duration":5,"failing":false,"failureDetails":[],"failureMessages":[],"fullName":"TokenService isTokenBlacklisted should return true when token is blacklisted","invocations":1,"location":null,"numPassingAsserts":2,"retryReasons":[],"startAt":1771156148609,"status":"passed","title":"should return true when token is blacklisted"},{"ancestorTitles":["TokenService","isTokenBlacklisted"],"duration":4,"failing":false,"failureDetails":[],"failureMessages":[],"fullName":"TokenService isTokenBlacklisted should return false when token is not blacklisted","invocations":1,"location":null,"numPassingAsserts":1,"retryReasons":[],"startAt":1771156148614,"status":"passed","title":"should return false when token is not blacklisted"},{"ancestorTitles":["TokenService","isTokenBlacklisted"],"duration":3,"failing":false,"failureDetails":[],"failureMessages":[],"fullName":"TokenService isTokenBlacklisted should return false when Redis returns undefined","invocations":1,"location":null,"numPassingAsserts":1,"retryReasons":[],"startAt":1771156148619,"status":"passed","title":"should return false when Redis returns undefined"},{"ancestorTitles":["TokenService","revokeRefreshToken"],"duration":6,"failing":false,"failureDetails":[],"failureMessages":[],"fullName":"TokenService revokeRefreshToken should delete refresh token and remove from user tokens","invocations":1,"location":null,"numPassingAsserts":2,"retryReasons":[],"startAt":1771156148622,"status":"passed","title":"should delete refresh token and remove from user tokens"},{"ancestorTitles":["TokenService","revokeRefreshToken"],"duration":5,"failing":false,"failureDetails":[],"failureMessages":[],"fullName":"TokenService revokeRefreshToken should handle revoking non-existent token","invocations":1,"location":null,"numPassingAsserts":1,"retryReasons":[],"startAt":1771156148628,"status":"passed","title":"should handle revoking non-existent token"},{"ancestorTitles":["TokenService","revokeAllUserTokens"],"duration":4,"failing":false,"failureDetails":[],"failureMessages":[],"fullName":"TokenService revokeAllUserTokens should delete all user tokens from Redis","invocations":1,"location":null,"numPassingAsserts":5,"retryReasons":[],"startAt":1771156148633,"status":"passed","title":"should delete all user tokens from Redis"},{"ancestorTitles":["TokenService","revokeAllUserTokens"],"duration":4,"failing":false,"failureDetails":[],"failureMessages":[],"fullName":"TokenService revokeAllUserTokens should handle user with no tokens","invocations":1,"location":null,"numPassingAsserts":1,"retryReasons":[],"startAt":1771156148638,"status":"passed","title":"should handle user with no tokens"},{"ancestorTitles":["TokenService","refresh"],"duration":4,"failing":false,"failureDetails":[],"failureMessages":[],"fullName":"TokenService refresh should refresh tokens successfully","invocations":1,"location":null,"numPassingAsserts":3,"retryReasons":[],"startAt":1771156148643,"status":"passed","title":"should refresh tokens successfully"},{"ancestorTitles":["TokenService","refresh"],"duration":35,"failing":false,"failureDetails":[],"failureMessages":[],"fullName":"TokenService refresh should throw UnauthorizedException for invalid refresh token","invocations":1,"location":null,"numPassingAsserts":2,"retryReasons":[],"startAt":1771156148648,"status":"passed","title":"should throw UnauthorizedException for invalid refresh token"},{"ancestorTitles":["TokenService","refresh"],"duration":11,"failing":false,"failureDetails":[],"failureMessages":[],"fullName":"TokenService refresh should detect token reuse and revoke all user tokens","invocations":1,"location":null,"numPassingAsserts":4,"retryReasons":[],"startAt":1771156148683,"status":"passed","title":"should detect token reuse and revoke all user tokens"},{"ancestorTitles":["TokenService","refresh"],"duration":6,"failing":false,"failureDetails":[],"failureMessages":[],"fullName":"TokenService refresh should throw NotFoundException when user not found","invocations":1,"location":null,"numPassingAsserts":2,"retryReasons":[],"startAt":1771156148694,"status":"passed","title":"should throw NotFoundException when user not found"},{"ancestorTitles":["TokenService","edge cases"],"duration":7,"failing":false,"failureDetails":[],"failureMessages":[],"fullName":"TokenService edge cases should handle Redis errors in createRefreshToken","invocations":1,"location":null,"numPassingAsserts":1,"retryReasons":[],"startAt":1771156148701,"status":"passed","title":"should handle Redis errors in createRefreshToken"},{"ancestorTitles":["TokenService","edge cases"],"duration":4,"failing":false,"failureDetails":[],"failureMessages":[],"fullName":"TokenService edge cases should handle user without role","invocations":1,"location":null,"numPassingAsserts":1,"retryReasons":[],"startAt":1771156148708,"status":"passed","title":"should handle user without role"},{"ancestorTitles":["TokenService","edge cases"],"duration":4,"failing":false,"failureDetails":[],"failureMessages":[],"fullName":"TokenService edge cases should handle empty permissions array","invocations":1,"location":null,"numPassingAsserts":1,"retryReasons":[],"startAt":1771156148712,"status":"passed","title":"should handle empty permissions array"}],"endTime":1771156148719,"message":"","name":"C:\\Users\\Rifki Izzulhaq\\Documents\\Belajar\\Web\\JS\\Latihan\\Turborepo\\siperada-fullstack\\apps\\api\\src\\modules\\auth\\services\\token\\token.service.spec.ts","startTime":1771156144640,"status":"passed","summary":""},{"assertionResults":[{"ancestorTitles":["KomponenProgramController"],"duration":37,"failing":false,"failureDetails":[],"failureMessages":[],"fullName":"KomponenProgramController should be defined","invocations":1,"location":null,"numPassingAsserts":1,"retryReasons":[],"startAt":1771156148662,"status":"passed","title":"should be defined"},{"ancestorTitles":["KomponenProgramController","findAll"],"duration":10,"failing":false,"failureDetails":[],"failureMessages":[],"fullName":"KomponenProgramController findAll should return all komponen program with kategori","invocations":1,"location":null,"numPassingAsserts":2,"retryReasons":[],"startAt":1771156148700,"status":"passed","title":"should return all komponen program with kategori"},{"ancestorTitles":["KomponenProgramController","searchKomponenProgram"],"duration":9,"failing":false,"failureDetails":[],"failureMessages":[],"fullName":"KomponenProgramController searchKomponenProgram should return paginated search results","invocations":1,"location":null,"numPassingAsserts":2,"retryReasons":[],"startAt":1771156148710,"status":"passed","title":"should return paginated search results"},{"ancestorTitles":["KomponenProgramController","createKomponenProgram"],"duration":10,"failing":false,"failureDetails":[],"failureMessages":[],"fullName":"KomponenProgramController createKomponenProgram should create and return a new komponen program","invocations":1,"location":null,"numPassingAsserts":2,"retryReasons":[],"startAt":1771156148719,"status":"passed","title":"should create and return a new komponen program"},{"ancestorTitles":["KomponenProgramController","updateKomponenProgram"],"duration":13,"failing":false,"failureDetails":[],"failureMessages":[],"fullName":"KomponenProgramController updateKomponenProgram should update and return the komponen program","invocations":1,"location":null,"numPassingAsserts":2,"retryReasons":[],"startAt":1771156148729,"status":"passed","title":"should update and return the komponen program"},{"ancestorTitles":["KomponenProgramController","deleteKomponenProgram"],"duration":6,"failing":false,"failureDetails":[],"failureMessages":[],"fullName":"KomponenProgramController deleteKomponenProgram should delete and return the komponen program","invocations":1,"location":null,"numPassingAsserts":2,"retryReasons":[],"startAt":1771156148742,"status":"passed","title":"should delete and return the komponen program"}],"endTime":1771156148752,"message":"","name":"C:\\Users\\Rifki Izzulhaq\\Documents\\Belajar\\Web\\JS\\Latihan\\Turborepo\\siperada-fullstack\\apps\\api\\src\\modules\\komponen_program\\komponen_program.controller.spec.ts","startTime":1771156144613,"status":"passed","summary":""},{"assertionResults":[{"ancestorTitles":["SatuanController"],"duration":41,"failing":false,"failureDetails":[],"failureMessages":[],"fullName":"SatuanController should be defined","invocations":1,"location":null,"numPassingAsserts":1,"retryReasons":[],"startAt":1771156148639,"status":"passed","title":"should be defined"},{"ancestorTitles":["SatuanController","findAll"],"duration":24,"failing":false,"failureDetails":[],"failureMessages":[],"fullName":"SatuanController findAll should return an array of satuan","invocations":1,"location":null,"numPassingAsserts":2,"retryReasons":[],"startAt":1771156148681,"status":"passed","title":"should return an array of satuan"},{"ancestorTitles":["SatuanController","searchSatuan"],"duration":14,"failing":false,"failureDetails":[],"failureMessages":[],"fullName":"SatuanController searchSatuan should return paginated search results","invocations":1,"location":null,"numPassingAsserts":2,"retryReasons":[],"startAt":1771156148706,"status":"passed","title":"should return paginated search results"},{"ancestorTitles":["SatuanController","createSatuan"],"duration":16,"failing":false,"failureDetails":[],"failureMessages":[],"fullName":"SatuanController createSatuan should create and return a new satuan","invocations":1,"location":null,"numPassingAsserts":2,"retryReasons":[],"startAt":1771156148720,"status":"passed","title":"should create and return a new satuan"},{"ancestorTitles":["SatuanController","updateSatuan"],"duration":12,"failing":false,"failureDetails":[],"failureMessages":[],"fullName":"SatuanController updateSatuan should update and return the satuan","invocations":1,"location":null,"numPassingAsserts":2,"retryReasons":[],"startAt":1771156148736,"status":"passed","title":"should update and return the satuan"},{"ancestorTitles":["SatuanController","deleteSatuan"],"duration":6,"failing":false,"failureDetails":[],"failureMessages":[],"fullName":"SatuanController deleteSatuan should delete and return the satuan","invocations":1,"location":null,"numPassingAsserts":2,"retryReasons":[],"startAt":1771156148749,"status":"passed","title":"should delete and return the satuan"}],"endTime":1771156148758,"message":"","name":"C:\\Users\\Rifki Izzulhaq\\Documents\\Belajar\\Web\\JS\\Latihan\\Turborepo\\siperada-fullstack\\apps\\api\\src\\modules\\satuan\\satuan.controller.spec.ts","startTime":1771156144573,"status":"passed","summary":""},{"assertionResults":[{"ancestorTitles":["UsulanKegiatanController"],"duration":47,"failing":false,"failureDetails":[],"failureMessages":[],"fullName":"UsulanKegiatanController should be defined","invocations":1,"location":null,"numPassingAsserts":1,"retryReasons":[],"startAt":1771156148720,"status":"passed","title":"should be defined"}],"endTime":1771156148770,"message":"","name":"C:\\Users\\Rifki Izzulhaq\\Documents\\Belajar\\Web\\JS\\Latihan\\Turborepo\\siperada-fullstack\\apps\\api\\src\\modules\\usulan_kegiatan\\usulan_kegiatan.controller.spec.ts","startTime":1771156144595,"status":"passed","summary":""},{"assertionResults":[{"ancestorTitles":["JudulKegiatanController"],"duration":34,"failing":false,"failureDetails":[],"failureMessages":[],"fullName":"JudulKegiatanController should be defined","invocations":1,"location":null,"numPassingAsserts":1,"retryReasons":[],"startAt":1771156148752,"status":"passed","title":"should be defined"}],"endTime":1771156148788,"message":"","name":"C:\\Users\\Rifki Izzulhaq\\Documents\\Belajar\\Web\\JS\\Latihan\\Turborepo\\siperada-fullstack\\apps\\api\\src\\modules\\judul_kegiatan\\judul_kegiatan.controller.spec.ts","startTime":1771156144631,"status":"passed","summary":""},{"assertionResults":[{"ancestorTitles":["AkunDetailService"],"duration":10,"failing":false,"failureDetails":[],"failureMessages":[],"fullName":"AkunDetailService should be defined","invocations":1,"location":null,"numPassingAsserts":1,"retryReasons":[],"startAt":1771156148802,"status":"passed","title":"should be defined"},{"ancestorTitles":["AkunDetailService","findAllAkunDetail"],"duration":4,"failing":false,"failureDetails":[],"failureMessages":[],"fullName":"AkunDetailService findAllAkunDetail should return an array of akun detail","invocations":1,"location":null,"numPassingAsserts":2,"retryReasons":[],"startAt":1771156148812,"status":"passed","title":"should return an array of akun detail"},{"ancestorTitles":["AkunDetailService","findAkunDetailById"],"duration":3,"failing":false,"failureDetails":[],"failureMessages":[],"fullName":"AkunDetailService findAkunDetailById should return an akun detail when found","invocations":1,"location":null,"numPassingAsserts":2,"retryReasons":[],"startAt":1771156148817,"status":"passed","title":"should return an akun detail when found"},{"ancestorTitles":["AkunDetailService","findAkunDetailById"],"duration":12,"failing":false,"failureDetails":[],"failureMessages":[],"fullName":"AkunDetailService findAkunDetailById should throw NotFoundException when akun detail not found","invocations":1,"location":null,"numPassingAsserts":2,"retryReasons":[],"startAt":1771156148820,"status":"passed","title":"should throw NotFoundException when akun detail not found"},{"ancestorTitles":["AkunDetailService","create"],"duration":2,"failing":false,"failureDetails":[],"failureMessages":[],"fullName":"AkunDetailService create should create and return a new akun detail","invocations":1,"location":null,"numPassingAsserts":3,"retryReasons":[],"startAt":1771156148833,"status":"passed","title":"should create and return a new akun detail"},{"ancestorTitles":["AkunDetailService","update"],"duration":3,"failing":false,"failureDetails":[],"failureMessages":[],"fullName":"AkunDetailService update should update and return the akun detail","invocations":1,"location":null,"numPassingAsserts":3,"retryReasons":[],"startAt":1771156148836,"status":"passed","title":"should update and return the akun detail"},{"ancestorTitles":["AkunDetailService","update"],"duration":4,"failing":false,"failureDetails":[],"failureMessages":[],"fullName":"AkunDetailService update should throw NotFoundException when updating non-existent akun detail","invocations":1,"location":null,"numPassingAsserts":1,"retryReasons":[],"startAt":1771156148839,"status":"passed","title":"should throw NotFoundException when updating non-existent akun detail"},{"ancestorTitles":["AkunDetailService","delete"],"duration":2,"failing":false,"failureDetails":[],"failureMessages":[],"fullName":"AkunDetailService delete should delete and return the akun detail","invocations":1,"location":null,"numPassingAsserts":3,"retryReasons":[],"startAt":1771156148843,"status":"passed","title":"should delete and return the akun detail"},{"ancestorTitles":["AkunDetailService","delete"],"duration":3,"failing":false,"failureDetails":[],"failureMessages":[],"fullName":"AkunDetailService delete should throw NotFoundException when deleting non-existent akun detail","invocations":1,"location":null,"numPassingAsserts":1,"retryReasons":[],"startAt":1771156148845,"status":"passed","title":"should throw NotFoundException when deleting non-existent akun detail"},{"ancestorTitles":["AkunDetailService","searchByParams"],"duration":4,"failing":false,"failureDetails":[],"failureMessages":[],"fullName":"AkunDetailService searchByParams should return paginated search results with name and kode search","invocations":1,"location":null,"numPassingAsserts":5,"retryReasons":[],"startAt":1771156148848,"status":"passed","title":"should return paginated search results with name and kode search"},{"ancestorTitles":["AkunDetailService","searchByParams"],"duration":2,"failing":false,"failureDetails":[],"failureMessages":[],"fullName":"AkunDetailService searchByParams should use default values when query params not provided","invocations":1,"location":null,"numPassingAsserts":2,"retryReasons":[],"startAt":1771156148852,"status":"passed","title":"should use default values when query params not provided"}],"endTime":1771156148855,"message":"","name":"C:\\Users\\Rifki Izzulhaq\\Documents\\Belajar\\Web\\JS\\Latihan\\Turborepo\\siperada-fullstack\\apps\\api\\src\\modules\\akun_detail\\akun_detail.service.spec.ts","startTime":1771156148019,"status":"passed","summary":""},{"assertionResults":[{"ancestorTitles":["KategoriService"],"duration":9,"failing":false,"failureDetails":[],"failureMessages":[],"fullName":"KategoriService should be defined","invocations":1,"location":null,"numPassingAsserts":1,"retryReasons":[],"startAt":1771156148821,"status":"passed","title":"should be defined"},{"ancestorTitles":["KategoriService","findAllKategori"],"duration":5,"failing":false,"failureDetails":[],"failureMessages":[],"fullName":"KategoriService findAllKategori should return an array of kategori","invocations":1,"location":null,"numPassingAsserts":2,"retryReasons":[],"startAt":1771156148831,"status":"passed","title":"should return an array of kategori"},{"ancestorTitles":["KategoriService","findKategoriById"],"duration":3,"failing":false,"failureDetails":[],"failureMessages":[],"fullName":"KategoriService findKategoriById should return a kategori when found","invocations":1,"location":null,"numPassingAsserts":2,"retryReasons":[],"startAt":1771156148836,"status":"passed","title":"should return a kategori when found"},{"ancestorTitles":["KategoriService","findKategoriById"],"duration":9,"failing":false,"failureDetails":[],"failureMessages":[],"fullName":"KategoriService findKategoriById should throw NotFoundException when kategori not found","invocations":1,"location":null,"numPassingAsserts":2,"retryReasons":[],"startAt":1771156148839,"status":"passed","title":"should throw NotFoundException when kategori not found"},{"ancestorTitles":["KategoriService","create"],"duration":2,"failing":false,"failureDetails":[],"failureMessages":[],"fullName":"KategoriService create should create and return a new kategori","invocations":1,"location":null,"numPassingAsserts":3,"retryReasons":[],"startAt":1771156148848,"status":"passed","title":"should create and return a new kategori"},{"ancestorTitles":["KategoriService","update"],"duration":2,"failing":false,"failureDetails":[],"failureMessages":[],"fullName":"KategoriService update should update and return the kategori","invocations":1,"location":null,"numPassingAsserts":3,"retryReasons":[],"startAt":1771156148851,"status":"passed","title":"should update and return the kategori"},{"ancestorTitles":["KategoriService","update"],"duration":2,"failing":false,"failureDetails":[],"failureMessages":[],"fullName":"KategoriService update should throw NotFoundException when updating non-existent kategori","invocations":1,"location":null,"numPassingAsserts":1,"retryReasons":[],"startAt":1771156148853,"status":"passed","title":"should throw NotFoundException when updating non-existent kategori"},{"ancestorTitles":["KategoriService","delete"],"duration":2,"failing":false,"failureDetails":[],"failureMessages":[],"fullName":"KategoriService delete should delete and return the kategori","invocations":1,"location":null,"numPassingAsserts":3,"retryReasons":[],"startAt":1771156148855,"status":"passed","title":"should delete and return the kategori"},{"ancestorTitles":["KategoriService","delete"],"duration":2,"failing":false,"failureDetails":[],"failureMessages":[],"fullName":"KategoriService delete should throw NotFoundException when deleting non-existent kategori","invocations":1,"location":null,"numPassingAsserts":1,"retryReasons":[],"startAt":1771156148858,"status":"passed","title":"should throw NotFoundException when deleting non-existent kategori"},{"ancestorTitles":["KategoriService","searchByParams"],"duration":3,"failing":false,"failureDetails":[],"failureMessages":[],"fullName":"KategoriService searchByParams should return paginated search results","invocations":1,"location":null,"numPassingAsserts":5,"retryReasons":[],"startAt":1771156148860,"status":"passed","title":"should return paginated search results"},{"ancestorTitles":["KategoriService","searchByParams"],"duration":2,"failing":false,"failureDetails":[],"failureMessages":[],"fullName":"KategoriService searchByParams should use default values when query params not provided","invocations":1,"location":null,"numPassingAsserts":2,"retryReasons":[],"startAt":1771156148863,"status":"passed","title":"should use default values when query params not provided"}],"endTime":1771156148866,"message":"","name":"C:\\Users\\Rifki Izzulhaq\\Documents\\Belajar\\Web\\JS\\Latihan\\Turborepo\\siperada-fullstack\\apps\\api\\src\\modules\\kategori\\kategori.service.spec.ts","startTime":1771156147308,"status":"passed","summary":""},{"assertionResults":[{"ancestorTitles":["UserController","findUser"],"duration":37,"failing":false,"failureDetails":[],"failureMessages":[],"fullName":"UserController findUser should return all users","invocations":1,"location":null,"numPassingAsserts":2,"retryReasons":[],"startAt":1771156148747,"status":"passed","title":"should return all users"},{"ancestorTitles":["UserController","GetAllRoles"],"duration":7,"failing":false,"failureDetails":[],"failureMessages":[],"fullName":"UserController GetAllRoles should return all roles except superadmin","invocations":1,"location":null,"numPassingAsserts":2,"retryReasons":[],"startAt":1771156148786,"status":"passed","title":"should return all roles except superadmin"},{"ancestorTitles":["UserController","GetAllPermission"],"duration":6,"failing":false,"failureDetails":[],"failureMessages":[],"fullName":"UserController GetAllPermission should return all permissions","invocations":1,"location":null,"numPassingAsserts":2,"retryReasons":[],"startAt":1771156148793,"status":"passed","title":"should return all permissions"},{"ancestorTitles":["UserController","searchUsers"],"duration":6,"failing":false,"failureDetails":[],"failureMessages":[],"fullName":"UserController searchUsers should return paginated search results","invocations":1,"location":null,"numPassingAsserts":2,"retryReasons":[],"startAt":1771156148799,"status":"passed","title":"should return paginated search results"},{"ancestorTitles":["UserController","searchUsers"],"duration":8,"failing":false,"failureDetails":[],"failureMessages":[],"fullName":"UserController searchUsers should handle search with role filter","invocations":1,"location":null,"numPassingAsserts":2,"retryReasons":[],"startAt":1771156148805,"status":"passed","title":"should handle search with role filter"},{"ancestorTitles":["UserController","CreateUser"],"duration":5,"failing":false,"failureDetails":[],"failureMessages":[],"fullName":"UserController CreateUser should create a new user","invocations":1,"location":null,"numPassingAsserts":2,"retryReasons":[],"startAt":1771156148814,"status":"passed","title":"should create a new user"},{"ancestorTitles":["UserController","CreateUser"],"duration":6,"failing":false,"failureDetails":[],"failureMessages":[],"fullName":"UserController CreateUser should create admin user with profile","invocations":1,"location":null,"numPassingAsserts":2,"retryReasons":[],"startAt":1771156148819,"status":"passed","title":"should create admin user with profile"},{"ancestorTitles":["UserController","UpdateUser"],"duration":4,"failing":false,"failureDetails":[],"failureMessages":[],"fullName":"UserController UpdateUser should update user","invocations":1,"location":null,"numPassingAsserts":2,"retryReasons":[],"startAt":1771156148825,"status":"passed","title":"should update user"},{"ancestorTitles":["UserController","UpdateUser"],"duration":5,"failing":false,"failureDetails":[],"failureMessages":[],"fullName":"UserController UpdateUser should update user password","invocations":1,"location":null,"numPassingAsserts":1,"retryReasons":[],"startAt":1771156148829,"status":"passed","title":"should update user password"},{"ancestorTitles":["UserController","UpdateUser"],"duration":4,"failing":false,"failureDetails":[],"failureMessages":[],"fullName":"UserController UpdateUser should update user role","invocations":1,"location":null,"numPassingAsserts":2,"retryReasons":[],"startAt":1771156148834,"status":"passed","title":"should update user role"},{"ancestorTitles":["UserController","DeleteUser"],"duration":3,"failing":false,"failureDetails":[],"failureMessages":[],"fullName":"UserController DeleteUser should delete user successfully","invocations":1,"location":null,"numPassingAsserts":2,"retryReasons":[],"startAt":1771156148838,"status":"passed","title":"should delete user successfully"},{"ancestorTitles":["UserController","DeleteUser"],"duration":21,"failing":false,"failureDetails":[],"failureMessages":[],"fullName":"UserController DeleteUser should handle delete of non-existent user","invocations":1,"location":null,"numPassingAsserts":2,"retryReasons":[],"startAt":1771156148841,"status":"passed","title":"should handle delete of non-existent user"}],"endTime":1771156148865,"message":"","name":"C:\\Users\\Rifki Izzulhaq\\Documents\\Belajar\\Web\\JS\\Latihan\\Turborepo\\siperada-fullstack\\apps\\api\\src\\modules\\user\\user.controller.spec.ts","startTime":1771156144612,"status":"passed","summary":""},{"assertionResults":[{"ancestorTitles":["AuthController","login"],"duration":17,"failing":false,"failureDetails":[],"failureMessages":[],"fullName":"AuthController login should login successfully and set cookie","invocations":1,"location":null,"numPassingAsserts":3,"retryReasons":[],"startAt":1771156148929,"status":"passed","title":"should login successfully and set cookie"},{"ancestorTitles":["AuthController","login"],"duration":13,"failing":false,"failureDetails":[],"failureMessages":[],"fullName":"AuthController login should handle login failure","invocations":1,"location":null,"numPassingAsserts":2,"retryReasons":[],"startAt":1771156148947,"status":"passed","title":"should handle login failure"},{"ancestorTitles":["AuthController","refresh"],"duration":4,"failing":false,"failureDetails":[],"failureMessages":[],"fullName":"AuthController refresh should refresh tokens using cookie","invocations":1,"location":null,"numPassingAsserts":3,"retryReasons":[],"startAt":1771156148960,"status":"passed","title":"should refresh tokens using cookie"},{"ancestorTitles":["AuthController","refresh"],"duration":2,"failing":false,"failureDetails":[],"failureMessages":[],"fullName":"AuthController refresh should refresh tokens using body token","invocations":1,"location":null,"numPassingAsserts":2,"retryReasons":[],"startAt":1771156148964,"status":"passed","title":"should refresh tokens using body token"},{"ancestorTitles":["AuthController","refresh"],"duration":3,"failing":false,"failureDetails":[],"failureMessages":[],"fullName":"AuthController refresh should prioritize body token over cookie","invocations":1,"location":null,"numPassingAsserts":1,"retryReasons":[],"startAt":1771156148966,"status":"passed","title":"should prioritize body token over cookie"},{"ancestorTitles":["AuthController","refresh"],"duration":5,"failing":false,"failureDetails":[],"failureMessages":[],"fullName":"AuthController refresh should throw UnauthorizedException when no refresh token","invocations":1,"location":null,"numPassingAsserts":3,"retryReasons":[],"startAt":1771156148969,"status":"passed","title":"should throw UnauthorizedException when no refresh token"},{"ancestorTitles":["AuthController","logout"],"duration":2,"failing":false,"failureDetails":[],"failureMessages":[],"fullName":"AuthController logout should logout successfully with refresh token and user","invocations":1,"location":null,"numPassingAsserts":4,"retryReasons":[],"startAt":1771156148974,"status":"passed","title":"should logout successfully with refresh token and user"},{"ancestorTitles":["AuthController","logout"],"duration":5,"failing":false,"failureDetails":[],"failureMessages":[],"fullName":"AuthController logout should logout without refresh token","invocations":1,"location":null,"numPassingAsserts":3,"retryReasons":[],"startAt":1771156148976,"status":"passed","title":"should logout without refresh token"},{"ancestorTitles":["AuthController","logout"],"duration":3,"failing":false,"failureDetails":[],"failureMessages":[],"fullName":"AuthController logout should logout without user jti","invocations":1,"location":null,"numPassingAsserts":3,"retryReasons":[],"startAt":1771156148981,"status":"passed","title":"should logout without user jti"},{"ancestorTitles":["AuthController","logout"],"duration":3,"failing":false,"failureDetails":[],"failureMessages":[],"fullName":"AuthController logout should clear cookie even if logout fails","invocations":1,"location":null,"numPassingAsserts":1,"retryReasons":[],"startAt":1771156148984,"status":"passed","title":"should clear cookie even if logout fails"},{"ancestorTitles":["AuthController","edge cases"],"duration":2,"failing":false,"failureDetails":[],"failureMessages":[],"fullName":"AuthController edge cases should handle missing cookies object","invocations":1,"location":null,"numPassingAsserts":1,"retryReasons":[],"startAt":1771156148987,"status":"passed","title":"should handle missing cookies object"},{"ancestorTitles":["AuthController","edge cases"],"duration":1,"failing":false,"failureDetails":[],"failureMessages":[],"fullName":"AuthController edge cases should handle empty string body token","invocations":1,"location":null,"numPassingAsserts":1,"retryReasons":[],"startAt":1771156148989,"status":"passed","title":"should handle empty string body token"}],"endTime":1771156148992,"message":"","name":"C:\\Users\\Rifki Izzulhaq\\Documents\\Belajar\\Web\\JS\\Latihan\\Turborepo\\siperada-fullstack\\apps\\api\\src\\modules\\auth\\auth.controller.spec.ts","startTime":1771156144598,"status":"passed","summary":""},{"assertionResults":[{"ancestorTitles":["KategoriController"],"duration":11,"failing":false,"failureDetails":[],"failureMessages":[],"fullName":"KategoriController should be defined","invocations":1,"location":null,"numPassingAsserts":1,"retryReasons":[],"startAt":1771156149110,"status":"passed","title":"should be defined"},{"ancestorTitles":["KategoriController","findAll"],"duration":3,"failing":false,"failureDetails":[],"failureMessages":[],"fullName":"KategoriController findAll should return an array of kategori","invocations":1,"location":null,"numPassingAsserts":2,"retryReasons":[],"startAt":1771156149121,"status":"passed","title":"should return an array of kategori"},{"ancestorTitles":["KategoriController","searchKategori"],"duration":3,"failing":false,"failureDetails":[],"failureMessages":[],"fullName":"KategoriController searchKategori should return paginated search results","invocations":1,"location":null,"numPassingAsserts":2,"retryReasons":[],"startAt":1771156149124,"status":"passed","title":"should return paginated search results"},{"ancestorTitles":["KategoriController","createKategori"],"duration":3,"failing":false,"failureDetails":[],"failureMessages":[],"fullName":"KategoriController createKategori should create and return a new kategori","invocations":1,"location":null,"numPassingAsserts":2,"retryReasons":[],"startAt":1771156149127,"status":"passed","title":"should create and return a new kategori"},{"ancestorTitles":["KategoriController","updateKategori"],"duration":2,"failing":false,"failureDetails":[],"failureMessages":[],"fullName":"KategoriController updateKategori should update and return the kategori","invocations":1,"location":null,"numPassingAsserts":2,"retryReasons":[],"startAt":1771156149130,"status":"passed","title":"should update and return the kategori"},{"ancestorTitles":["KategoriController","deleteKategori"],"duration":2,"failing":false,"failureDetails":[],"failureMessages":[],"fullName":"KategoriController deleteKategori should delete and return the kategori","invocations":1,"location":null,"numPassingAsserts":2,"retryReasons":[],"startAt":1771156149133,"status":"passed","title":"should delete and return the kategori"}],"endTime":1771156149135,"message":"","name":"C:\\Users\\Rifki Izzulhaq\\Documents\\Belajar\\Web\\JS\\Latihan\\Turborepo\\siperada-fullstack\\apps\\api\\src\\modules\\kategori\\kategori.controller.spec.ts","startTime":1771156147176,"status":"passed","summary":""},{"assertionResults":[{"ancestorTitles":["AkunDetailController"],"duration":11,"failing":false,"failureDetails":[],"failureMessages":[],"fullName":"AkunDetailController should be defined","invocations":1,"location":null,"numPassingAsserts":1,"retryReasons":[],"startAt":1771156149150,"status":"passed","title":"should be defined"},{"ancestorTitles":["AkunDetailController","findAll"],"duration":5,"failing":false,"failureDetails":[],"failureMessages":[],"fullName":"AkunDetailController findAll should return an array of akun detail","invocations":1,"location":null,"numPassingAsserts":2,"retryReasons":[],"startAt":1771156149162,"status":"passed","title":"should return an array of akun detail"},{"ancestorTitles":["AkunDetailController","searchAkunDetail"],"duration":5,"failing":false,"failureDetails":[],"failureMessages":[],"fullName":"AkunDetailController searchAkunDetail should return paginated search results","invocations":1,"location":null,"numPassingAsserts":2,"retryReasons":[],"startAt":1771156149167,"status":"passed","title":"should return paginated search results"},{"ancestorTitles":["AkunDetailController","createAkunDetail"],"duration":4,"failing":false,"failureDetails":[],"failureMessages":[],"fullName":"AkunDetailController createAkunDetail should create and return a new akun detail","invocations":1,"location":null,"numPassingAsserts":2,"retryReasons":[],"startAt":1771156149172,"status":"passed","title":"should create and return a new akun detail"},{"ancestorTitles":["AkunDetailController","updateAkunDetail"],"duration":13,"failing":false,"failureDetails":[],"failureMessages":[],"fullName":"AkunDetailController updateAkunDetail should update and return the akun detail","invocations":1,"location":null,"numPassingAsserts":2,"retryReasons":[],"startAt":1771156149176,"status":"passed","title":"should update and return the akun detail"},{"ancestorTitles":["AkunDetailController","deleteAkunDetail"],"duration":5,"failing":false,"failureDetails":[],"failureMessages":[],"fullName":"AkunDetailController deleteAkunDetail should delete and return the akun detail","invocations":1,"location":null,"numPassingAsserts":2,"retryReasons":[],"startAt":1771156149190,"status":"passed","title":"should delete and return the akun detail"}],"endTime":1771156149197,"message":"","name":"C:\\Users\\Rifki Izzulhaq\\Documents\\Belajar\\Web\\JS\\Latihan\\Turborepo\\siperada-fullstack\\apps\\api\\src\\modules\\akun_detail\\akun_detail.controller.spec.ts","startTime":1771156147981,"status":"passed","summary":""}],"wasInterrupted":false}
